#
# There is insufficient memory for the Java Runtime Environment to continue.
# Native memory allocation (mmap) failed to map 130023424 bytes for G1 virtual space
# Possible reasons:
#   The system is out of physical RAM or swap space
#   The process is running with CompressedOops enabled, and the Java Heap may be blocking the growth of the native heap
# Possible solutions:
#   Reduce memory load on the system
#   Increase physical memory or swap space
#   Check if swap backing store is full
#   Decrease Java heap size (-Xmx/-Xms)
#   Decrease number of Java threads
#   Decrease Java thread stack sizes (-Xss)
#   Set larger code cache with -XX:ReservedCodeCacheSize=
#   JVM is running with Unscaled Compressed Oops mode in which the Java heap is
#     placed in the first 4GB address space. The Java Heap base address is the
#     maximum limit for the native heap growth. Please use -XX:HeapBaseMinAddress
#     to set the Java Heap base and to place the Java Heap above 4GB virtual address.
# This output file may be truncated or incomplete.
#
#  Out of Memory Error (os_windows.cpp:3552), pid=18728, tid=15796
#
# JRE version:  (17.0.9+11) (build )
# Java VM: Java HotSpot(TM) 64-Bit Server VM (17.0.9+11-LTS-201, mixed mode, sharing, tiered, compressed oops, compressed class ptrs, g1 gc, windows-amd64)
# No core dump will be written. Minidumps are not enabled by default on client versions of Windows
#

---------------  S U M M A R Y ------------

Command Line: -XX:+ShowCodeDetailsInExceptionMessages PanificioGioco

Host: 11th Gen Intel(R) Core(TM) i3-1115G4 @ 3.00GHz, 4 cores, 7G,  Windows 11 , 64 bit Build 22621 (10.0.22621.3958)
Time: Sat Nov  2 14:20:41 2024 ora solare Europa occidentale elapsed time: 0.013682 seconds (0d 0h 0m 0s)

---------------  T H R E A D  ---------------

Current thread (0x000002548f5dfb20):  JavaThread "Unknown thread" [_thread_in_vm, id=15796, stack(0x000000a905d00000,0x000000a905e00000)]

Stack: [0x000000a905d00000,0x000000a905e00000]
Native frames: (J=compiled Java code, j=interpreted, Vv=VM code, C=native code)
V  [jvm.dll+0x678a4a]
V  [jvm.dll+0x7d9cfd]
V  [jvm.dll+0x7db60e]
V  [jvm.dll+0x7dbc73]
V  [jvm.dll+0x245e1f]
V  [jvm.dll+0x6758f9]
V  [jvm.dll+0x66a2a2]
V  [jvm.dll+0x303686]
V  [jvm.dll+0x30ac06]
V  [jvm.dll+0x35a48e]
V  [jvm.dll+0x35a6bf]
V  [jvm.dll+0x2da678]
V  [jvm.dll+0x2db5e4]
V  [jvm.dll+0x7ab6b1]
V  [jvm.dll+0x368041]
V  [jvm.dll+0x78a749]
V  [jvm.dll+0x3ebd4f]
V  [jvm.dll+0x3ed7d1]
C  [jli.dll+0x5297]
C  [ucrtbase.dll+0x29333]
C  [KERNEL32.DLL+0x1257d]
C  [ntdll.dll+0x5af08]


---------------  P R O C E S S  ---------------

Threads class SMR info:
_java_thread_list=0x00007ff811fb89d8, length=0, elements={
}

Java Threads: ( => current thread )

Other Threads:
  0x000002548f637980 GCTaskThread "GC Thread#0" [stack: 0x000000a905e00000,0x000000a905f00000] [id=20160]
  0x000002548f647dd0 ConcurrentGCThread "G1 Main Marker" [stack: 0x000000a905f00000,0x000000a906000000] [id=2436]
  0x000002548f6497f0 ConcurrentGCThread "G1 Conc#0" [stack: 0x000000a906000000,0x000000a906100000] [id=988]

[error occurred during error reporting (printing all threads), id 0xc0000005, EXCEPTION_ACCESS_VIOLATION (0xc0000005) at pc=0x00007ff8117eb2d7]

VM state: not at safepoint (not fully initialized)

VM Mutex/Monitor currently owned by a thread:  ([mutex/lock_event])
[0x000002548f5dab00] Heap_lock - owner thread: 0x000002548f5dfb20

Heap address: 0x0000000085800000, size: 1960 MB, Compressed Oops mode: 32-bit

CDS archive(s) mapped at: [0x0000000000000000-0x0000000000000000-0x0000000000000000), size 0, SharedBaseAddress: 0x0000000800000000, ArchiveRelocationMode: 1.
Narrow klass base: 0x0000000000000000, Narrow klass shift: 0, Narrow klass range: 0x0

GC Precious Log:
<Empty>

Heap:
 garbage-first heap   total 0K, used 0K [0x0000000085800000, 0x0000000100000000)
  region size 1024K, 0 young (0K), 0 survivors (0K)

[error occurred during error reporting (printing heap information), id 0xc0000005, EXCEPTION_ACCESS_VIOLATION (0xc0000005) at pc=0x00007ff811bd2229]

GC Heap History (0 events):
No events

Deoptimization events (0 events):
No events

Classes unloaded (0 events):
No events

Classes redefined (0 events):
No events

Internal exceptions (0 events):
No events

VM Operations (0 events):
No events

Events (1 events):
Event: 0.006 Loaded shared library C:\Program Files\Java\jdk-17\bin\java.dll


Dynamic libraries:
0x00007ff64d7f0000 - 0x00007ff64d800000 	C:\Program Files\Java\jdk-17\bin\java.exe
0x00007ff871870000 - 0x00007ff871a87000 	C:\WINDOWS\SYSTEM32\ntdll.dll
0x00007ff870390000 - 0x00007ff870454000 	C:\WINDOWS\System32\KERNEL32.DLL
0x00007ff86f1e0000 - 0x00007ff86f597000 	C:\WINDOWS\System32\KERNELBASE.dll
0x00007ff86edd0000 - 0x00007ff86eee1000 	C:\WINDOWS\System32\ucrtbase.dll
0x00007ff84d5e0000 - 0x00007ff84d5fb000 	C:\Program Files\Java\jdk-17\bin\VCRUNTIME140.dll
0x00007ff842ee0000 - 0x00007ff842ef9000 	C:\Program Files\Java\jdk-17\bin\jli.dll
0x00007ff86f5a0000 - 0x00007ff86f652000 	C:\WINDOWS\System32\ADVAPI32.dll
0x00007ff870460000 - 0x00007ff870507000 	C:\WINDOWS\System32\msvcrt.dll
0x00007ff86f8e0000 - 0x00007ff86f988000 	C:\WINDOWS\System32\sechost.dll
0x00007ff86eda0000 - 0x00007ff86edc8000 	C:\WINDOWS\System32\bcrypt.dll
0x00007ff86fbd0000 - 0x00007ff86fce4000 	C:\WINDOWS\System32\RPCRT4.dll
0x00007ff870cf0000 - 0x00007ff870e9f000 	C:\WINDOWS\System32\USER32.dll
0x00007ff86ec00000 - 0x00007ff86ec26000 	C:\WINDOWS\System32\win32u.dll
0x00007ff870360000 - 0x00007ff870389000 	C:\WINDOWS\System32\GDI32.dll
0x00007ff86f0c0000 - 0x00007ff86f1d8000 	C:\WINDOWS\System32\gdi32full.dll
0x00007ff8519f0000 - 0x00007ff851c83000 	C:\WINDOWS\WinSxS\amd64_microsoft.windows.common-controls_6595b64144ccf1df_6.0.22621.3672_none_2713b9d173822955\COMCTL32.dll
0x00007ff86f020000 - 0x00007ff86f0ba000 	C:\WINDOWS\System32\msvcp_win.dll
0x00007ff8624e0000 - 0x00007ff8624ea000 	C:\WINDOWS\SYSTEM32\VERSION.dll
0x00007ff8717f0000 - 0x00007ff871821000 	C:\WINDOWS\System32\IMM32.DLL
0x00007ff862ca0000 - 0x00007ff862cac000 	C:\Program Files\Java\jdk-17\bin\vcruntime140_1.dll
0x00007ff81fd80000 - 0x00007ff81fe0e000 	C:\Program Files\Java\jdk-17\bin\msvcp140.dll
0x00007ff811500000 - 0x00007ff8120e1000 	C:\Program Files\Java\jdk-17\bin\server\jvm.dll
0x00007ff86f720000 - 0x00007ff86f728000 	C:\WINDOWS\System32\PSAPI.DLL
0x00007ff862b60000 - 0x00007ff862b94000 	C:\WINDOWS\SYSTEM32\WINMM.dll
0x00007ff865e00000 - 0x00007ff865e09000 	C:\WINDOWS\SYSTEM32\WSOCK32.dll
0x00007ff86f990000 - 0x00007ff86fa01000 	C:\WINDOWS\System32\WS2_32.dll
0x00007ff86dba0000 - 0x00007ff86dbb8000 	C:\WINDOWS\SYSTEM32\kernel.appcore.dll
0x00007ff862be0000 - 0x00007ff862bea000 	C:\Program Files\Java\jdk-17\bin\jimage.dll
0x00007ff86c5f0000 - 0x00007ff86c822000 	C:\WINDOWS\SYSTEM32\DBGHELP.DLL
0x00007ff870530000 - 0x00007ff8708be000 	C:\WINDOWS\System32\combase.dll
0x00007ff870270000 - 0x00007ff870347000 	C:\WINDOWS\System32\OLEAUT32.dll
0x00007ff84b4c0000 - 0x00007ff84b4f2000 	C:\WINDOWS\SYSTEM32\dbgcore.DLL
0x00007ff86eb80000 - 0x00007ff86ebfb000 	C:\WINDOWS\System32\bcryptPrimitives.dll
0x00007ff842e80000 - 0x00007ff842ea5000 	C:\Program Files\Java\jdk-17\bin\java.dll

dbghelp: loaded successfully - version: 4.0.5 - missing functions: none
symbol engine: initialized successfully - sym options: 0x614 - pdb path: .;C:\Program Files\Java\jdk-17\bin;C:\WINDOWS\SYSTEM32;C:\WINDOWS\WinSxS\amd64_microsoft.windows.common-controls_6595b64144ccf1df_6.0.22621.3672_none_2713b9d173822955;C:\Program Files\Java\jdk-17\bin\server

VM Arguments:
jvm_args: -XX:+ShowCodeDetailsInExceptionMessages 
java_command: PanificioGioco
java_class_path (initial): C:\Users\nikka\AppData\Roaming\Code\User\workspaceStorage\189722be83d9c9b049f89142ae66798d\redhat.java\jdt_ws\Panificio_7fe1fc69\bin
Launcher Type: SUN_STANDARD

[Global flags]
     intx CICompilerCount                          = 3                                         {product} {ergonomic}
     uint ConcGCThreads                            = 1                                         {product} {ergonomic}
     uint G1ConcRefinementThreads                  = 4                                         {product} {ergonomic}
   size_t G1HeapRegionSize                         = 1048576                                   {product} {ergonomic}
    uintx GCDrainStackTargetSize                   = 64                                        {product} {ergonomic}
   size_t InitialHeapSize                          = 130023424                                 {product} {ergonomic}
   size_t MarkStackSize                            = 4194304                                   {product} {ergonomic}
   size_t MaxHeapSize                              = 2055208960                                {product} {ergonomic}
   size_t MinHeapDeltaBytes                        = 1048576                                   {product} {ergonomic}
   size_t MinHeapSize                              = 8388608                                   {product} {ergonomic}
    uintx NonNMethodCodeHeapSize                   = 5832780                                {pd product} {ergonomic}
    uintx NonProfiledCodeHeapSize                  = 122912730                              {pd product} {ergonomic}
    uintx ProfiledCodeHeapSize                     = 122912730                              {pd product} {ergonomic}
    uintx ReservedCodeCacheSize                    = 251658240                              {pd product} {ergonomic}
     bool SegmentedCodeCache                       = true                                      {product} {ergonomic}
     bool ShowCodeDetailsInExceptionMessages       = true                                   {manageable} {command line}
   size_t SoftMaxHeapSize                          = 2055208960                             {manageable} {ergonomic}
     bool UseCompressedClassPointers               = true                           {product lp64_product} {ergonomic}
     bool UseCompressedOops                        = true                           {product lp64_product} {ergonomic}
     bool UseG1GC                                  = true                                      {product} {ergonomic}
     bool UseLargePagesIndividualAllocation        = false                                  {pd product} {ergonomic}

Logging:
Log output configuration:
 #0: stdout all=warning uptime,level,tags
 #1: stderr all=off uptime,level,tags

Environment Variables:
JAVA_HOME=C:\Program Files\Java\jdk-17
PATH=C:\Program Files (x86)\Common Files\Oracle\Java\java8path;C:\Program Files (x86)\Common Files\Oracle\Java\javapath;C:\Program Files (x86)\NVIDIA Corporation\PhysX\Common;C:\WINDOWS\system32;C:\WINDOWS;C:\WINDOWS\System32\Wbem;C:\WINDOWS\System32\WindowsPowerShell\v1.0\;C:\WINDOWS\System32\OpenSSH\;C:\Program Files\Java\jdk-16.0.1\bin;C:\Program Files\Git\cmd;C:\Users\nikka\AppData\Local\platform-tools;C:\Users\nikka\AppData\Local\Microsoft\WindowsApps;C:\Users\nikka\AppData\Local\Programs\Microsoft VS Code\bin;C:\MinGW\bin;C:\Program Files\JetBrains\CLion 2023.2.2\bin;C:\Users\nikka\AppData\Local\GitHubDesktop\bin;C:\Users\nikka\AppData\Local\platform-tools;
USERNAME=Mykyta
OS=Windows_NT
PROCESSOR_IDENTIFIER=Intel64 Family 6 Model 140 Stepping 1, GenuineIntel



---------------  S Y S T E M  ---------------

OS:
 Windows 11 , 64 bit Build 22621 (10.0.22621.3958)
OS uptime: 2 days 19:38 hours
Hyper-V role detected

CPU: total 4 (initial active 4) (2 cores per cpu, 2 threads per core) family 6 model 140 stepping 1 microcode 0xb4, cx8, cmov, fxsr, ht, mmx, 3dnowpref, sse, sse2, sse3, ssse3, sse4.1, sse4.2, popcnt, lzcnt, tsc, tscinvbit, avx, avx2, aes, erms, clmul, bmi1, bmi2, adx, avx512f, avx512dq, avx512cd, avx512bw, avx512vl, sha, fma, vzeroupper, avx512_vpopcntdq, avx512_vpclmulqdq, avx512_vaes, avx512_vnni, clflush, clflushopt, clwb, avx512_vbmi2, avx512_vbmi, hv

Memory: 4k page, system-wide physical 7834M (2055M free)
TotalPageFile size 22248M (AvailPageFile size 93M)
current process WorkingSet (physical memory assigned to process): 11M, peak: 11M
current process commit charge ("private bytes"): 52M, peak: 175M

vm_info: Java HotSpot(TM) 64-Bit Server VM (17.0.9+11-LTS-201) for windows-amd64 JRE (17.0.9+11-LTS-201), built on Oct 10 2023 23:16:06 by "mach5one" with MS VC++ 17.1 (VS2022)

END.
