#
# There is insufficient memory for the Java Runtime Environment to continue.
# Native memory allocation (malloc) failed to allocate 233856 bytes for Chunk::new
# Possible reasons:
#   The system is out of physical RAM or swap space
#   The process is running with CompressedOops enabled, and the Java Heap may be blocking the growth of the native heap
# Possible solutions:
#   Reduce memory load on the system
#   Increase physical memory or swap space
#   Check if swap backing store is full
#   Decrease Java heap size (-Xmx/-Xms)
#   Decrease number of Java threads
#   Decrease Java thread stack sizes (-Xss)
#   Set larger code cache with -XX:ReservedCodeCacheSize=
#   JVM is running with Unscaled Compressed Oops mode in which the Java heap is
#     placed in the first 4GB address space. The Java Heap base address is the
#     maximum limit for the native heap growth. Please use -XX:HeapBaseMinAddress
#     to set the Java Heap base and to place the Java Heap above 4GB virtual address.
# This output file may be truncated or incomplete.
#
#  Out of Memory Error (arena.cpp:189), pid=4328, tid=10896
#
# JRE version: Java(TM) SE Runtime Environment (17.0.9+11) (build 17.0.9+11-LTS-201)
# Java VM: Java HotSpot(TM) 64-Bit Server VM (17.0.9+11-LTS-201, mixed mode, sharing, tiered, compressed oops, compressed class ptrs, g1 gc, windows-amd64)
# No core dump will be written. Minidumps are not enabled by default on client versions of Windows
#

---------------  S U M M A R Y ------------

Command Line: -XX:+ShowCodeDetailsInExceptionMessages PanificioGioco

Host: 11th Gen Intel(R) Core(TM) i3-1115G4 @ 3.00GHz, 4 cores, 7G,  Windows 11 , 64 bit Build 22621 (10.0.22621.3958)
Time: Sat Nov  2 14:49:06 2024 ora solare Europa occidentale elapsed time: 14.829167 seconds (0d 0h 0m 14s)

---------------  T H R E A D  ---------------

Current thread (0x000001dcfe7de940):  JavaThread "C2 CompilerThread0" daemon [_thread_in_native, id=10896, stack(0x0000007a6f000000,0x0000007a6f100000)]


Current CompileTask:
C2:  14829 1609       4       sun.swing.ImageCache::getEntry (148 bytes)

Stack: [0x0000007a6f000000,0x0000007a6f100000]
Native frames: (J=compiled Java code, j=interpreted, Vv=VM code, C=native code)
V  [jvm.dll+0x678a4a]
V  [jvm.dll+0x7d9cfd]
V  [jvm.dll+0x7db60e]
V  [jvm.dll+0x7dbc73]
V  [jvm.dll+0x245e1f]
V  [jvm.dll+0xaaafb]
V  [jvm.dll+0xab09c]
V  [jvm.dll+0x2ab7ef]
V  [jvm.dll+0x5812e5]
V  [jvm.dll+0x220c52]
V  [jvm.dll+0x219850]
V  [jvm.dll+0x217459]
V  [jvm.dll+0x1a3bc0]
V  [jvm.dll+0x2272de]
V  [jvm.dll+0x22548b]
V  [jvm.dll+0x78f58c]
V  [jvm.dll+0x78998a]
V  [jvm.dll+0x677875]
C  [ucrtbase.dll+0x29333]
C  [KERNEL32.DLL+0x1257d]
C  [ntdll.dll+0x5af08]


---------------  P R O C E S S  ---------------

Threads class SMR info:
_java_thread_list=0x000001dcd6081170, length=18, elements={
0x000001dcfe7c0750, 0x000001dcfe7c1020, 0x000001dcfe7d7ae0, 0x000001dcfe7d9fd0,
0x000001dcfe7dc4c0, 0x000001dcfe7dd140, 0x000001dcfe7de940, 0x000001dcfe7e4bf0,
0x000001dcfe7e9530, 0x000001dcfea47c60, 0x000001dcfea4e230, 0x000001dcfec32ec0,
0x000001dcfec3aa80, 0x000001dcfec3da20, 0x000001dcfed5a350, 0x000001dcfed070f0,
0x000001dcd6033190, 0x000001dcd6035500
}

Java Threads: ( => current thread )
  0x000001dcfe7c0750 JavaThread "Reference Handler" daemon [_thread_blocked, id=20096, stack(0x0000007a6ea00000,0x0000007a6eb00000)]
  0x000001dcfe7c1020 JavaThread "Finalizer" daemon [_thread_blocked, id=14472, stack(0x0000007a6eb00000,0x0000007a6ec00000)]
  0x000001dcfe7d7ae0 JavaThread "Signal Dispatcher" daemon [_thread_blocked, id=15236, stack(0x0000007a6ec00000,0x0000007a6ed00000)]
  0x000001dcfe7d9fd0 JavaThread "Attach Listener" daemon [_thread_blocked, id=2968, stack(0x0000007a6ed00000,0x0000007a6ee00000)]
  0x000001dcfe7dc4c0 JavaThread "Service Thread" daemon [_thread_blocked, id=21044, stack(0x0000007a6ee00000,0x0000007a6ef00000)]
  0x000001dcfe7dd140 JavaThread "Monitor Deflation Thread" daemon [_thread_blocked, id=16984, stack(0x0000007a6ef00000,0x0000007a6f000000)]
=>0x000001dcfe7de940 JavaThread "C2 CompilerThread0" daemon [_thread_in_native, id=10896, stack(0x0000007a6f000000,0x0000007a6f100000)]
  0x000001dcfe7e4bf0 JavaThread "C1 CompilerThread0" daemon [_thread_blocked, id=7936, stack(0x0000007a6f100000,0x0000007a6f200000)]
  0x000001dcfe7e9530 JavaThread "Sweeper thread" daemon [_thread_blocked, id=18136, stack(0x0000007a6f200000,0x0000007a6f300000)]
  0x000001dcfea47c60 JavaThread "Notification Thread" daemon [_thread_blocked, id=1144, stack(0x0000007a6f300000,0x0000007a6f400000)]
  0x000001dcfea4e230 JavaThread "Common-Cleaner" daemon [_thread_blocked, id=6196, stack(0x0000007a6f500000,0x0000007a6f600000)]
  0x000001dcfec32ec0 JavaThread "Java2D Disposer" daemon [_thread_blocked, id=21056, stack(0x0000007a6f600000,0x0000007a6f700000)]
  0x000001dcfec3aa80 JavaThread "AWT-Shutdown" [_thread_blocked, id=18492, stack(0x0000007a6f700000,0x0000007a6f800000)]
  0x000001dcfec3da20 JavaThread "AWT-Windows" daemon [_thread_in_native, id=10988, stack(0x0000007a6f800000,0x0000007a6f900000)]
  0x000001dcfed5a350 JavaThread "Thread-0" [_thread_blocked, id=19148, stack(0x0000007a6fc00000,0x0000007a6fd00000)]
  0x000001dcfed070f0 JavaThread "AWT-EventQueue-0" [_thread_in_native, id=16280, stack(0x0000007a6fd00000,0x0000007a6fe00000)]
  0x000001dcd6033190 JavaThread "Thread-1" [_thread_blocked, id=12188, stack(0x0000007a6fe00000,0x0000007a6ff00000)]
  0x000001dcd6035500 JavaThread "DestroyJavaVM" [_thread_blocked, id=14504, stack(0x0000007a6e300000,0x0000007a6e400000)]

Other Threads:
  0x000001dcfe7bc700 VMThread "VM Thread" [stack: 0x0000007a6e900000,0x0000007a6ea00000] [id=7760]
  0x000001dcfea4d380 WatcherThread [stack: 0x0000007a6f400000,0x0000007a6f500000] [id=5088]
  0x000001dcf2209a60 GCTaskThread "GC Thread#0" [stack: 0x0000007a6e400000,0x0000007a6e500000] [id=2620]
  0x000001dcfed59080 GCTaskThread "GC Thread#1" [stack: 0x0000007a6f900000,0x0000007a6fa00000] [id=4312]
  0x000001dcfed5baf0 GCTaskThread "GC Thread#2" [stack: 0x0000007a6fa00000,0x0000007a6fb00000] [id=1608]
  0x000001dcd604e0a0 GCTaskThread "GC Thread#3" [stack: 0x0000007a6fb00000,0x0000007a6fc00000] [id=428]
  0x000001dcf2219dc0 ConcurrentGCThread "G1 Main Marker" [stack: 0x0000007a6e500000,0x0000007a6e600000] [id=17668]
  0x000001dcf221b6f0 ConcurrentGCThread "G1 Conc#0" [stack: 0x0000007a6e600000,0x0000007a6e700000] [id=2416]
  0x000001dcfe670090 ConcurrentGCThread "G1 Refine#0" [stack: 0x0000007a6e700000,0x0000007a6e800000] [id=12336]
  0x000001dcfe6709d0 ConcurrentGCThread "G1 Service" [stack: 0x0000007a6e800000,0x0000007a6e900000] [id=20092]

Threads with active compile tasks:
C2 CompilerThread0    14846 1609       4       sun.swing.ImageCache::getEntry (148 bytes)

VM state: not at safepoint (normal execution)

VM Mutex/Monitor currently owned by a thread: None

Heap address: 0x0000000085800000, size: 1960 MB, Compressed Oops mode: 32-bit

CDS archive(s) mapped at: [0x000001dc91000000-0x000001dc91bd0000-0x000001dc91bd0000), size 12386304, SharedBaseAddress: 0x000001dc91000000, ArchiveRelocationMode: 1.
Compressed class space mapped at: 0x000001dc92000000-0x000001dcd2000000, reserved size: 1073741824
Narrow klass base: 0x000001dc91000000, Narrow klass shift: 0, Narrow klass range: 0x100000000

GC Precious Log:
 CPUs: 4 total, 4 available
 Memory: 7834M
 Large Page Support: Disabled
 NUMA Support: Disabled
 Compressed Oops: Enabled (32-bit)
 Heap Region Size: 1M
 Heap Min Capacity: 8M
 Heap Initial Capacity: 124M
 Heap Max Capacity: 1960M
 Pre-touch: Disabled
 Parallel Workers: 4
 Concurrent Workers: 1
 Concurrent Refinement Workers: 4
 Periodic GC: Disabled

Heap:
 garbage-first heap   total 126976K, used 27014K [0x0000000085800000, 0x0000000100000000)
  region size 1024K, 14 young (14336K), 2 survivors (2048K)
 Metaspace       used 8039K, committed 8256K, reserved 1114112K
  class space    used 800K, committed 896K, reserved 1048576K

Heap Regions: E=young(eden), S=young(survivor), O=old, HS=humongous(starts), HC=humongous(continues), CS=collection set, F=free, OA=open archive, CA=closed archive, TAMS=top-at-mark-start (previous, next)
|   0|0x0000000085800000, 0x0000000085900000, 0x0000000085900000|100%|HS|  |TAMS 0x0000000085800000, 0x0000000085800000| Complete 
|   1|0x0000000085900000, 0x0000000085a00000, 0x0000000085a00000|100%|HC|  |TAMS 0x0000000085900000, 0x0000000085900000| Complete 
|   2|0x0000000085a00000, 0x0000000085b00000, 0x0000000085b00000|100%|HS|  |TAMS 0x0000000085a00000, 0x0000000085a00000| Complete 
|   3|0x0000000085b00000, 0x0000000085c00000, 0x0000000085c00000|100%|HC|  |TAMS 0x0000000085b00000, 0x0000000085b00000| Complete 
|   4|0x0000000085c00000, 0x0000000085d00000, 0x0000000085d00000|100%|HC|  |TAMS 0x0000000085c00000, 0x0000000085c00000| Complete 
|   5|0x0000000085d00000, 0x0000000085e00000, 0x0000000085e00000|100%|HC|  |TAMS 0x0000000085d00000, 0x0000000085d00000| Complete 
|   6|0x0000000085e00000, 0x0000000085f00000, 0x0000000085f00000|100%|HC|  |TAMS 0x0000000085e00000, 0x0000000085e00000| Complete 
|   7|0x0000000085f00000, 0x0000000086000000, 0x0000000086000000|100%|HC|  |TAMS 0x0000000085f00000, 0x0000000085f00000| Complete 
|   8|0x0000000086000000, 0x0000000086100000, 0x0000000086100000|100%|HC|  |TAMS 0x0000000086000000, 0x0000000086000000| Complete 
|   9|0x0000000086100000, 0x0000000086200000, 0x0000000086200000|100%|HC|  |TAMS 0x0000000086100000, 0x0000000086100000| Complete 
|  10|0x0000000086200000, 0x0000000086300000, 0x0000000086300000|100%|HC|  |TAMS 0x0000000086200000, 0x0000000086200000| Complete 
|  11|0x0000000086300000, 0x0000000086400000, 0x0000000086400000|100%|HS|  |TAMS 0x0000000086300000, 0x0000000086300000| Complete 
|  12|0x0000000086400000, 0x0000000086500000, 0x0000000086500000|100%|HC|  |TAMS 0x0000000086400000, 0x0000000086400000| Complete 
|  13|0x0000000086500000, 0x0000000086600000, 0x0000000086600000|100%|HS|  |TAMS 0x0000000086500000, 0x0000000086500000| Complete 
|  14|0x0000000086600000, 0x0000000086600000, 0x0000000086700000|  0%| F|  |TAMS 0x0000000086600000, 0x0000000086600000| Untracked 
|  15|0x0000000086700000, 0x0000000086700000, 0x0000000086800000|  0%| F|  |TAMS 0x0000000086700000, 0x0000000086700000| Untracked 
|  16|0x0000000086800000, 0x0000000086800000, 0x0000000086900000|  0%| F|  |TAMS 0x0000000086800000, 0x0000000086800000| Untracked 
|  17|0x0000000086900000, 0x0000000086900000, 0x0000000086a00000|  0%| F|  |TAMS 0x0000000086900000, 0x0000000086900000| Untracked 
|  18|0x0000000086a00000, 0x0000000086a00000, 0x0000000086b00000|  0%| F|  |TAMS 0x0000000086a00000, 0x0000000086a00000| Untracked 
|  19|0x0000000086b00000, 0x0000000086b00000, 0x0000000086c00000|  0%| F|  |TAMS 0x0000000086b00000, 0x0000000086b00000| Untracked 
|  20|0x0000000086c00000, 0x0000000086c00000, 0x0000000086d00000|  0%| F|  |TAMS 0x0000000086c00000, 0x0000000086c00000| Untracked 
|  21|0x0000000086d00000, 0x0000000086d00000, 0x0000000086e00000|  0%| F|  |TAMS 0x0000000086d00000, 0x0000000086d00000| Untracked 
|  22|0x0000000086e00000, 0x0000000086e00000, 0x0000000086f00000|  0%| F|  |TAMS 0x0000000086e00000, 0x0000000086e00000| Untracked 
|  23|0x0000000086f00000, 0x0000000086f00000, 0x0000000087000000|  0%| F|  |TAMS 0x0000000086f00000, 0x0000000086f00000| Untracked 
|  24|0x0000000087000000, 0x0000000087000000, 0x0000000087100000|  0%| F|  |TAMS 0x0000000087000000, 0x0000000087000000| Untracked 
|  25|0x0000000087100000, 0x0000000087100000, 0x0000000087200000|  0%| F|  |TAMS 0x0000000087100000, 0x0000000087100000| Untracked 
|  26|0x0000000087200000, 0x0000000087200000, 0x0000000087300000|  0%| F|  |TAMS 0x0000000087200000, 0x0000000087200000| Untracked 
|  27|0x0000000087300000, 0x0000000087300000, 0x0000000087400000|  0%| F|  |TAMS 0x0000000087300000, 0x0000000087300000| Untracked 
|  28|0x0000000087400000, 0x0000000087400000, 0x0000000087500000|  0%| F|  |TAMS 0x0000000087400000, 0x0000000087400000| Untracked 
|  29|0x0000000087500000, 0x0000000087500000, 0x0000000087600000|  0%| F|  |TAMS 0x0000000087500000, 0x0000000087500000| Untracked 
|  30|0x0000000087600000, 0x0000000087600000, 0x0000000087700000|  0%| F|  |TAMS 0x0000000087600000, 0x0000000087600000| Untracked 
|  31|0x0000000087700000, 0x0000000087700000, 0x0000000087800000|  0%| F|  |TAMS 0x0000000087700000, 0x0000000087700000| Untracked 
|  32|0x0000000087800000, 0x0000000087800000, 0x0000000087900000|  0%| F|  |TAMS 0x0000000087800000, 0x0000000087800000| Untracked 
|  33|0x0000000087900000, 0x0000000087900000, 0x0000000087a00000|  0%| F|  |TAMS 0x0000000087900000, 0x0000000087900000| Untracked 
|  34|0x0000000087a00000, 0x0000000087a00000, 0x0000000087b00000|  0%| F|  |TAMS 0x0000000087a00000, 0x0000000087a00000| Untracked 
|  35|0x0000000087b00000, 0x0000000087b00000, 0x0000000087c00000|  0%| F|  |TAMS 0x0000000087b00000, 0x0000000087b00000| Untracked 
|  36|0x0000000087c00000, 0x0000000087c00000, 0x0000000087d00000|  0%| F|  |TAMS 0x0000000087c00000, 0x0000000087c00000| Untracked 
|  37|0x0000000087d00000, 0x0000000087d00000, 0x0000000087e00000|  0%| F|  |TAMS 0x0000000087d00000, 0x0000000087d00000| Untracked 
|  38|0x0000000087e00000, 0x0000000087e00000, 0x0000000087f00000|  0%| F|  |TAMS 0x0000000087e00000, 0x0000000087e00000| Untracked 
|  39|0x0000000087f00000, 0x0000000087f00000, 0x0000000088000000|  0%| F|  |TAMS 0x0000000087f00000, 0x0000000087f00000| Untracked 
|  40|0x0000000088000000, 0x0000000088000000, 0x0000000088100000|  0%| F|  |TAMS 0x0000000088000000, 0x0000000088000000| Untracked 
|  41|0x0000000088100000, 0x0000000088100000, 0x0000000088200000|  0%| F|  |TAMS 0x0000000088100000, 0x0000000088100000| Untracked 
|  42|0x0000000088200000, 0x0000000088200000, 0x0000000088300000|  0%| F|  |TAMS 0x0000000088200000, 0x0000000088200000| Untracked 
|  43|0x0000000088300000, 0x0000000088300000, 0x0000000088400000|  0%| F|  |TAMS 0x0000000088300000, 0x0000000088300000| Untracked 
|  44|0x0000000088400000, 0x0000000088400000, 0x0000000088500000|  0%| F|  |TAMS 0x0000000088400000, 0x0000000088400000| Untracked 
|  45|0x0000000088500000, 0x0000000088500000, 0x0000000088600000|  0%| F|  |TAMS 0x0000000088500000, 0x0000000088500000| Untracked 
|  46|0x0000000088600000, 0x0000000088600000, 0x0000000088700000|  0%| F|  |TAMS 0x0000000088600000, 0x0000000088600000| Untracked 
|  47|0x0000000088700000, 0x0000000088700000, 0x0000000088800000|  0%| F|  |TAMS 0x0000000088700000, 0x0000000088700000| Untracked 
|  48|0x0000000088800000, 0x0000000088800000, 0x0000000088900000|  0%| F|  |TAMS 0x0000000088800000, 0x0000000088800000| Untracked 
|  49|0x0000000088900000, 0x0000000088900000, 0x0000000088a00000|  0%| F|  |TAMS 0x0000000088900000, 0x0000000088900000| Untracked 
|  50|0x0000000088a00000, 0x0000000088a00000, 0x0000000088b00000|  0%| F|  |TAMS 0x0000000088a00000, 0x0000000088a00000| Untracked 
|  51|0x0000000088b00000, 0x0000000088b00000, 0x0000000088c00000|  0%| F|  |TAMS 0x0000000088b00000, 0x0000000088b00000| Untracked 
|  52|0x0000000088c00000, 0x0000000088c00000, 0x0000000088d00000|  0%| F|  |TAMS 0x0000000088c00000, 0x0000000088c00000| Untracked 
|  53|0x0000000088d00000, 0x0000000088d00000, 0x0000000088e00000|  0%| F|  |TAMS 0x0000000088d00000, 0x0000000088d00000| Untracked 
|  54|0x0000000088e00000, 0x0000000088e00000, 0x0000000088f00000|  0%| F|  |TAMS 0x0000000088e00000, 0x0000000088e00000| Untracked 
|  55|0x0000000088f00000, 0x0000000088f00000, 0x0000000089000000|  0%| F|  |TAMS 0x0000000088f00000, 0x0000000088f00000| Untracked 
|  56|0x0000000089000000, 0x0000000089000000, 0x0000000089100000|  0%| F|  |TAMS 0x0000000089000000, 0x0000000089000000| Untracked 
|  57|0x0000000089100000, 0x0000000089100000, 0x0000000089200000|  0%| F|  |TAMS 0x0000000089100000, 0x0000000089100000| Untracked 
|  58|0x0000000089200000, 0x0000000089200000, 0x0000000089300000|  0%| F|  |TAMS 0x0000000089200000, 0x0000000089200000| Untracked 
|  59|0x0000000089300000, 0x0000000089300000, 0x0000000089400000|  0%| F|  |TAMS 0x0000000089300000, 0x0000000089300000| Untracked 
|  60|0x0000000089400000, 0x0000000089400000, 0x0000000089500000|  0%| F|  |TAMS 0x0000000089400000, 0x0000000089400000| Untracked 
|  61|0x0000000089500000, 0x0000000089500000, 0x0000000089600000|  0%| F|  |TAMS 0x0000000089500000, 0x0000000089500000| Untracked 
|  62|0x0000000089600000, 0x0000000089600000, 0x0000000089700000|  0%| F|  |TAMS 0x0000000089600000, 0x0000000089600000| Untracked 
|  63|0x0000000089700000, 0x0000000089700000, 0x0000000089800000|  0%| F|  |TAMS 0x0000000089700000, 0x0000000089700000| Untracked 
|  64|0x0000000089800000, 0x0000000089800000, 0x0000000089900000|  0%| F|  |TAMS 0x0000000089800000, 0x0000000089800000| Untracked 
|  65|0x0000000089900000, 0x0000000089900000, 0x0000000089a00000|  0%| F|  |TAMS 0x0000000089900000, 0x0000000089900000| Untracked 
|  66|0x0000000089a00000, 0x0000000089a00000, 0x0000000089b00000|  0%| F|  |TAMS 0x0000000089a00000, 0x0000000089a00000| Untracked 
|  67|0x0000000089b00000, 0x0000000089b00000, 0x0000000089c00000|  0%| F|  |TAMS 0x0000000089b00000, 0x0000000089b00000| Untracked 
|  68|0x0000000089c00000, 0x0000000089c00000, 0x0000000089d00000|  0%| F|  |TAMS 0x0000000089c00000, 0x0000000089c00000| Untracked 
|  69|0x0000000089d00000, 0x0000000089d00000, 0x0000000089e00000|  0%| F|  |TAMS 0x0000000089d00000, 0x0000000089d00000| Untracked 
|  70|0x0000000089e00000, 0x0000000089e00000, 0x0000000089f00000|  0%| F|  |TAMS 0x0000000089e00000, 0x0000000089e00000| Untracked 
|  71|0x0000000089f00000, 0x0000000089f00000, 0x000000008a000000|  0%| F|  |TAMS 0x0000000089f00000, 0x0000000089f00000| Untracked 
|  72|0x000000008a000000, 0x000000008a000000, 0x000000008a100000|  0%| F|  |TAMS 0x000000008a000000, 0x000000008a000000| Untracked 
|  73|0x000000008a100000, 0x000000008a100000, 0x000000008a200000|  0%| F|  |TAMS 0x000000008a100000, 0x000000008a100000| Untracked 
|  74|0x000000008a200000, 0x000000008a200000, 0x000000008a300000|  0%| F|  |TAMS 0x000000008a200000, 0x000000008a200000| Untracked 
|  75|0x000000008a300000, 0x000000008a300000, 0x000000008a400000|  0%| F|  |TAMS 0x000000008a300000, 0x000000008a300000| Untracked 
|  76|0x000000008a400000, 0x000000008a400000, 0x000000008a500000|  0%| F|  |TAMS 0x000000008a400000, 0x000000008a400000| Untracked 
|  77|0x000000008a500000, 0x000000008a500000, 0x000000008a600000|  0%| F|  |TAMS 0x000000008a500000, 0x000000008a500000| Untracked 
|  78|0x000000008a600000, 0x000000008a600000, 0x000000008a700000|  0%| F|  |TAMS 0x000000008a600000, 0x000000008a600000| Untracked 
|  79|0x000000008a700000, 0x000000008a700000, 0x000000008a800000|  0%| F|  |TAMS 0x000000008a700000, 0x000000008a700000| Untracked 
|  80|0x000000008a800000, 0x000000008a800000, 0x000000008a900000|  0%| F|  |TAMS 0x000000008a800000, 0x000000008a800000| Untracked 
|  81|0x000000008a900000, 0x000000008a900000, 0x000000008aa00000|  0%| F|  |TAMS 0x000000008a900000, 0x000000008a900000| Untracked 
|  82|0x000000008aa00000, 0x000000008aa00000, 0x000000008ab00000|  0%| F|  |TAMS 0x000000008aa00000, 0x000000008aa00000| Untracked 
|  83|0x000000008ab00000, 0x000000008ab00000, 0x000000008ac00000|  0%| F|  |TAMS 0x000000008ab00000, 0x000000008ab00000| Untracked 
|  84|0x000000008ac00000, 0x000000008ac00000, 0x000000008ad00000|  0%| F|  |TAMS 0x000000008ac00000, 0x000000008ac00000| Untracked 
|  85|0x000000008ad00000, 0x000000008ad00000, 0x000000008ae00000|  0%| F|  |TAMS 0x000000008ad00000, 0x000000008ad00000| Untracked 
|  86|0x000000008ae00000, 0x000000008ae00000, 0x000000008af00000|  0%| F|  |TAMS 0x000000008ae00000, 0x000000008ae00000| Untracked 
|  87|0x000000008af00000, 0x000000008af00000, 0x000000008b000000|  0%| F|  |TAMS 0x000000008af00000, 0x000000008af00000| Untracked 
|  88|0x000000008b000000, 0x000000008b000000, 0x000000008b100000|  0%| F|  |TAMS 0x000000008b000000, 0x000000008b000000| Untracked 
|  89|0x000000008b100000, 0x000000008b100000, 0x000000008b200000|  0%| F|  |TAMS 0x000000008b100000, 0x000000008b100000| Untracked 
|  90|0x000000008b200000, 0x000000008b200000, 0x000000008b300000|  0%| F|  |TAMS 0x000000008b200000, 0x000000008b200000| Untracked 
|  91|0x000000008b300000, 0x000000008b300000, 0x000000008b400000|  0%| F|  |TAMS 0x000000008b300000, 0x000000008b300000| Untracked 
|  92|0x000000008b400000, 0x000000008b400000, 0x000000008b500000|  0%| F|  |TAMS 0x000000008b400000, 0x000000008b400000| Untracked 
|  93|0x000000008b500000, 0x000000008b500000, 0x000000008b600000|  0%| F|  |TAMS 0x000000008b500000, 0x000000008b500000| Untracked 
|  94|0x000000008b600000, 0x000000008b600000, 0x000000008b700000|  0%| F|  |TAMS 0x000000008b600000, 0x000000008b600000| Untracked 
|  95|0x000000008b700000, 0x000000008b700000, 0x000000008b800000|  0%| F|  |TAMS 0x000000008b700000, 0x000000008b700000| Untracked 
|  96|0x000000008b800000, 0x000000008b800000, 0x000000008b900000|  0%| F|  |TAMS 0x000000008b800000, 0x000000008b800000| Untracked 
|  97|0x000000008b900000, 0x000000008b900000, 0x000000008ba00000|  0%| F|  |TAMS 0x000000008b900000, 0x000000008b900000| Untracked 
|  98|0x000000008ba00000, 0x000000008ba00000, 0x000000008bb00000|  0%| F|  |TAMS 0x000000008ba00000, 0x000000008ba00000| Untracked 
|  99|0x000000008bb00000, 0x000000008bb00000, 0x000000008bc00000|  0%| F|  |TAMS 0x000000008bb00000, 0x000000008bb00000| Untracked 
| 100|0x000000008bc00000, 0x000000008bc00000, 0x000000008bd00000|  0%| F|  |TAMS 0x000000008bc00000, 0x000000008bc00000| Untracked 
| 101|0x000000008bd00000, 0x000000008bd00000, 0x000000008be00000|  0%| F|  |TAMS 0x000000008bd00000, 0x000000008bd00000| Untracked 
| 102|0x000000008be00000, 0x000000008be619b0, 0x000000008bf00000| 38%| S|CS|TAMS 0x000000008be00000, 0x000000008be00000| Complete 
| 103|0x000000008bf00000, 0x000000008c000000, 0x000000008c000000|100%| S|CS|TAMS 0x000000008bf00000, 0x000000008bf00000| Complete 
| 104|0x000000008c000000, 0x000000008c000000, 0x000000008c100000|  0%| F|  |TAMS 0x000000008c000000, 0x000000008c000000| Untracked 
| 105|0x000000008c100000, 0x000000008c100000, 0x000000008c200000|  0%| F|  |TAMS 0x000000008c100000, 0x000000008c100000| Untracked 
| 106|0x000000008c200000, 0x000000008c200000, 0x000000008c300000|  0%| F|  |TAMS 0x000000008c200000, 0x000000008c200000| Untracked 
| 107|0x000000008c300000, 0x000000008c300000, 0x000000008c400000|  0%| F|  |TAMS 0x000000008c300000, 0x000000008c300000| Untracked 
| 108|0x000000008c400000, 0x000000008c400000, 0x000000008c500000|  0%| F|  |TAMS 0x000000008c400000, 0x000000008c400000| Untracked 
| 109|0x000000008c500000, 0x000000008c500000, 0x000000008c600000|  0%| F|  |TAMS 0x000000008c500000, 0x000000008c500000| Untracked 
| 110|0x000000008c600000, 0x000000008c600000, 0x000000008c700000|  0%| F|  |TAMS 0x000000008c600000, 0x000000008c600000| Untracked 
| 111|0x000000008c700000, 0x000000008c700000, 0x000000008c800000|  0%| F|  |TAMS 0x000000008c700000, 0x000000008c700000| Untracked 
| 112|0x000000008c800000, 0x000000008c900000, 0x000000008c900000|100%| E|  |TAMS 0x000000008c800000, 0x000000008c800000| Complete 
| 113|0x000000008c900000, 0x000000008ca00000, 0x000000008ca00000|100%| E|CS|TAMS 0x000000008c900000, 0x000000008c900000| Complete 
| 114|0x000000008ca00000, 0x000000008cb00000, 0x000000008cb00000|100%| E|CS|TAMS 0x000000008ca00000, 0x000000008ca00000| Complete 
| 115|0x000000008cb00000, 0x000000008cc00000, 0x000000008cc00000|100%| E|CS|TAMS 0x000000008cb00000, 0x000000008cb00000| Complete 
| 116|0x000000008cc00000, 0x000000008cd00000, 0x000000008cd00000|100%| E|CS|TAMS 0x000000008cc00000, 0x000000008cc00000| Complete 
| 117|0x000000008cd00000, 0x000000008ce00000, 0x000000008ce00000|100%| E|CS|TAMS 0x000000008cd00000, 0x000000008cd00000| Complete 
| 118|0x000000008ce00000, 0x000000008cf00000, 0x000000008cf00000|100%| E|CS|TAMS 0x000000008ce00000, 0x000000008ce00000| Complete 
| 119|0x000000008cf00000, 0x000000008d000000, 0x000000008d000000|100%| E|CS|TAMS 0x000000008cf00000, 0x000000008cf00000| Complete 
| 120|0x000000008d000000, 0x000000008d100000, 0x000000008d100000|100%| E|CS|TAMS 0x000000008d000000, 0x000000008d000000| Complete 
| 121|0x000000008d100000, 0x000000008d200000, 0x000000008d200000|100%| E|CS|TAMS 0x000000008d100000, 0x000000008d100000| Complete 
| 122|0x000000008d200000, 0x000000008d300000, 0x000000008d300000|100%| E|CS|TAMS 0x000000008d200000, 0x000000008d200000| Complete 
| 123|0x000000008d300000, 0x000000008d400000, 0x000000008d400000|100%| E|CS|TAMS 0x000000008d300000, 0x000000008d300000| Complete 

Card table byte_map: [0x000001dcf9e30000,0x000001dcfa210000] _byte_map_base: 0x000001dcf9a04000

Marking Bits (Prev, Next): (CMBitMap*) 0x000001dcf2209f90, (CMBitMap*) 0x000001dcf2209fd0
 Prev Bits: [0x000001dcfa5f0000, 0x000001dcfc490000)
 Next Bits: [0x000001dcfc490000, 0x000001dcfe330000)

Polling page: 0x000001dcf0010000

Metaspace:

Usage:
  Non-class:      7.07 MB used.
      Class:    800.69 KB used.
       Both:      7.85 MB used.

Virtual space:
  Non-class space:       64.00 MB reserved,       7.19 MB ( 11%) committed,  1 nodes.
      Class space:        1.00 GB reserved,     896.00 KB ( <1%) committed,  1 nodes.
             Both:        1.06 GB reserved,       8.06 MB ( <1%) committed. 

Chunk freelists:
   Non-Class:  8.48 MB
       Class:  15.12 MB
        Both:  23.60 MB

MaxMetaspaceSize: unlimited
CompressedClassSpaceSize: 1.00 GB
Initial GC threshold: 21.00 MB
Current GC threshold: 21.00 MB
CDS: on
MetaspaceReclaimPolicy: balanced
 - commit_granule_bytes: 65536.
 - commit_granule_words: 8192.
 - virtual_space_node_default_size: 8388608.
 - enlarge_chunks_in_place: 1.
 - new_chunks_are_fully_committed: 0.
 - uncommit_free_chunks: 1.
 - use_allocation_guard: 0.
 - handle_deallocations: 1.


Internal statistics:

num_allocs_failed_limit: 0.
num_arena_births: 106.
num_arena_deaths: 0.
num_vsnodes_births: 2.
num_vsnodes_deaths: 0.
num_space_committed: 129.
num_space_uncommitted: 0.
num_chunks_returned_to_freelist: 0.
num_chunks_taken_from_freelist: 162.
num_chunk_merges: 0.
num_chunk_splits: 86.
num_chunks_enlarged: 23.
num_inconsistent_stats: 0.

CodeHeap 'non-profiled nmethods': size=120000Kb used=597Kb max_used=597Kb free=119402Kb
 bounds [0x000001dc87ad0000, 0x000001dc87d40000, 0x000001dc8f000000]
CodeHeap 'profiled nmethods': size=120000Kb used=3105Kb max_used=3105Kb free=116894Kb
 bounds [0x000001dc80000000, 0x000001dc80310000, 0x000001dc87530000]
CodeHeap 'non-nmethods': size=5760Kb used=1267Kb max_used=1329Kb free=4492Kb
 bounds [0x000001dc87530000, 0x000001dc877a0000, 0x000001dc87ad0000]
 total_blobs=2182 nmethods=1608 adapters=487
 compilation: enabled
              stopped_count=0, restarted_count=0
 full_count=0

Compilation events (20 events):
Event: 14.409 Thread 0x000001dcfe7de940 nmethod 1599 0x000001dc87b59890 code [0x000001dc87b59a20, 0x000001dc87b59ab8]
Event: 14.462 Thread 0x000001dcfe7de940 1600       4       sun.java2d.SunGraphics2D::transformShape (97 bytes)
Event: 14.464 Thread 0x000001dcfe7de940 nmethod 1600 0x000001dc87b59b90 code [0x000001dc87b59d20, 0x000001dc87b59ef8]
Event: 14.464 Thread 0x000001dcfe7de940 1601       4       java.awt.Rectangle::getBounds (24 bytes)
Event: 14.465 Thread 0x000001dcfe7de940 nmethod 1601 0x000001dc87b5a090 code [0x000001dc87b5a220, 0x000001dc87b5a338]
Event: 14.479 Thread 0x000001dcfe7de940 1602       4       java.util.LinkedList::node (65 bytes)
Event: 14.480 Thread 0x000001dcfe7de940 nmethod 1602 0x000001dc87b5a410 code [0x000001dc87b5a580, 0x000001dc87b5a638]
Event: 14.482 Thread 0x000001dcfe7de940 1603   !   4       sun.java2d.SunGraphics2D::drawImage (202 bytes)
Event: 14.551 Thread 0x000001dcfe7de940 nmethod 1603 0x000001dc87b5a710 code [0x000001dc87b5aca0, 0x000001dc87b60de8]
Event: 14.551 Thread 0x000001dcfe7de940 1604       4       java.awt.font.FontRenderContext::equals (127 bytes)
Event: 14.552 Thread 0x000001dcfe7de940 nmethod 1604 0x000001dc87b64110 code [0x000001dc87b64280, 0x000001dc87b64378]
Event: 14.674 Thread 0x000001dcfe7de940 1605       4       java.awt.geom.AffineTransform::getScaleInstance (19 bytes)
Event: 14.675 Thread 0x000001dcfe7de940 nmethod 1605 0x000001dc87b64490 code [0x000001dc87b64640, 0x000001dc87b647b8]
Event: 14.771 Thread 0x000001dcfe7de940 1606       4       java.util.LinkedList$ListItr::<init> (47 bytes)
Event: 14.773 Thread 0x000001dcfe7de940 nmethod 1606 0x000001dc87b64910 code [0x000001dc87b64a80, 0x000001dc87b64d58]
Event: 14.797 Thread 0x000001dcfe7de940 1607       4       java.lang.Boolean::equals (29 bytes)
Event: 14.798 Thread 0x000001dcfe7de940 nmethod 1607 0x000001dc87b64e90 code [0x000001dc87b65020, 0x000001dc87b650f8]
Event: 14.807 Thread 0x000001dcfe7de940 1608       4       javax.swing.border.AbstractBorder::getBorderInsets (17 bytes)
Event: 14.807 Thread 0x000001dcfe7de940 nmethod 1608 0x000001dc87b65210 code [0x000001dc87b653a0, 0x000001dc87b654b8]
Event: 14.824 Thread 0x000001dcfe7de940 1609       4       sun.swing.ImageCache::getEntry (148 bytes)

GC Heap History (4 events):
Event: 0.240 GC heap before
{Heap before GC invocations=0 (full 0):
 garbage-first heap   total 126976K, used 15360K [0x0000000085800000, 0x0000000100000000)
  region size 1024K, 13 young (13312K), 0 survivors (0K)
 Metaspace       used 4722K, committed 4864K, reserved 1114112K
  class space    used 510K, committed 576K, reserved 1048576K
}
Event: 0.243 GC heap after
{Heap after GC invocations=1 (full 0):
 garbage-first heap   total 126976K, used 3432K [0x0000000085800000, 0x0000000100000000)
  region size 1024K, 2 young (2048K), 2 survivors (2048K)
 Metaspace       used 4722K, committed 4864K, reserved 1114112K
  class space    used 510K, committed 576K, reserved 1048576K
}
Event: 0.364 GC heap before
{Heap before GC invocations=1 (full 0):
 garbage-first heap   total 126976K, used 31080K [0x0000000085800000, 0x0000000100000000)
  region size 1024K, 20 young (20480K), 2 survivors (2048K)
 Metaspace       used 4916K, committed 5056K, reserved 1114112K
  class space    used 521K, committed 576K, reserved 1048576K
}
Event: 0.365 GC heap after
{Heap after GC invocations=2 (full 0):
 garbage-first heap   total 126976K, used 12678K [0x0000000085800000, 0x0000000100000000)
  region size 1024K, 2 young (2048K), 2 survivors (2048K)
 Metaspace       used 4916K, committed 5056K, reserved 1114112K
  class space    used 521K, committed 576K, reserved 1048576K
}

Deoptimization events (20 events):
Event: 0.496 Thread 0x000001dcd6033bb0 DEOPT PACKING pc=0x000001dc800fe034 sp=0x0000007a6ffff010
Event: 0.496 Thread 0x000001dcd6033bb0 DEOPT UNPACKING pc=0x000001dc875866e3 sp=0x0000007a6fffe480 mode 0
Event: 0.496 Thread 0x000001dcd6033bb0 DEOPT PACKING pc=0x000001dc800fe034 sp=0x0000007a6ffff010
Event: 0.496 Thread 0x000001dcd6033bb0 DEOPT UNPACKING pc=0x000001dc875866e3 sp=0x0000007a6fffe480 mode 0
Event: 0.496 Thread 0x000001dcd6033bb0 DEOPT PACKING pc=0x000001dc800fe034 sp=0x0000007a6ffff010
Event: 0.496 Thread 0x000001dcd6033bb0 DEOPT UNPACKING pc=0x000001dc875866e3 sp=0x0000007a6fffe480 mode 0
Event: 0.496 Thread 0x000001dcd6033bb0 DEOPT PACKING pc=0x000001dc800fe034 sp=0x0000007a6ffff010
Event: 0.496 Thread 0x000001dcd6033bb0 DEOPT UNPACKING pc=0x000001dc875866e3 sp=0x0000007a6fffe480 mode 0
Event: 0.497 Thread 0x000001dcd6033bb0 DEOPT PACKING pc=0x000001dc800fe034 sp=0x0000007a6ffff010
Event: 0.497 Thread 0x000001dcd6033bb0 DEOPT UNPACKING pc=0x000001dc875866e3 sp=0x0000007a6fffe480 mode 0
Event: 0.497 Thread 0x000001dcd6033bb0 DEOPT PACKING pc=0x000001dc800fe034 sp=0x0000007a6ffff010
Event: 0.497 Thread 0x000001dcd6033bb0 DEOPT UNPACKING pc=0x000001dc875866e3 sp=0x0000007a6fffe480 mode 0
Event: 0.497 Thread 0x000001dcd6033bb0 DEOPT PACKING pc=0x000001dc800fe034 sp=0x0000007a6ffff010
Event: 0.497 Thread 0x000001dcd6033bb0 DEOPT UNPACKING pc=0x000001dc875866e3 sp=0x0000007a6fffe480 mode 0
Event: 0.497 Thread 0x000001dcd6033bb0 DEOPT PACKING pc=0x000001dc800fe034 sp=0x0000007a6ffff010
Event: 0.497 Thread 0x000001dcd6033bb0 DEOPT UNPACKING pc=0x000001dc875866e3 sp=0x0000007a6fffe480 mode 0
Event: 2.132 Thread 0x000001dcfed070f0 DEOPT PACKING pc=0x000001dc800d5c01 sp=0x0000007a6fdfd680
Event: 2.132 Thread 0x000001dcfed070f0 DEOPT UNPACKING pc=0x000001dc875866e3 sp=0x0000007a6fdfcb60 mode 0
Event: 5.089 Thread 0x000001dcfed070f0 DEOPT PACKING pc=0x000001dc80166b9d sp=0x0000007a6fdfea20
Event: 5.089 Thread 0x000001dcfed070f0 DEOPT UNPACKING pc=0x000001dc875866e3 sp=0x0000007a6fdfdeb8 mode 0

Classes unloaded (0 events):
No events

Classes redefined (0 events):
No events

Internal exceptions (12 events):
Event: 0.060 Thread 0x000001dcf21b0ec0 Exception <a 'java/lang/ClassNotFoundException'{0x000000008d23a060}: sun/awt/resources/spi/awtProvider> (0x000000008d23a060) 
thrown [s\open\src\hotspot\share\classfile\systemDictionary.cpp, line 256]
Event: 0.078 Thread 0x000001dcf21b0ec0 Exception <a 'java/io/FileNotFoundException'{0x000000008d292360}> (0x000000008d292360) 
thrown [s\open\src\hotspot\share\prims\jni.cpp, line 516]
Event: 0.083 Thread 0x000001dcf21b0ec0 Exception <a 'java/io/FileNotFoundException'{0x000000008d2bf2e8}> (0x000000008d2bf2e8) 
thrown [s\open\src\hotspot\share\prims\jni.cpp, line 516]
Event: 0.121 Thread 0x000001dcf21b0ec0 Exception <a 'java/lang/NoSuchMethodError'{0x000000008d10a230}: 'java.lang.Object java.lang.invoke.DirectMethodHandle$Holder.invokeStaticInit(java.lang.Object)'> (0x000000008d10a230) 
thrown [s\open\src\hotspot\share\interpreter\linkResolver.cpp, line 759]
Event: 0.147 Thread 0x000001dcf21b0ec0 Exception <a 'java/lang/NoSuchMethodError'{0x000000008d196968}: 'void java.lang.invoke.DirectMethodHandle$Holder.invokeSpecial(java.lang.Object, java.lang.Object, java.lang.Object)'> (0x000000008d196968) 
thrown [s\open\src\hotspot\share\interpreter\linkResolver.cpp, line 759]
Event: 0.155 Thread 0x000001dcf21b0ec0 Exception <a 'java/lang/NoSuchMethodError'{0x000000008d1c0b70}: 'java.lang.Object java.lang.invoke.DirectMethodHandle$Holder.newInvokeSpecial(java.lang.Object, java.lang.Object, java.lang.Object, java.lang.Object, java.lang.Object)'> (0x000000008d1c0b70) 
thrown [s\open\src\hotspot\share\interpreter\linkResolver.cpp, line 759]
Event: 0.156 Thread 0x000001dcf21b0ec0 Exception <a 'java/lang/NoSuchMethodError'{0x000000008d1cc780}: 'java.lang.Object java.lang.invoke.DirectMethodHandle$Holder.invokeStatic(java.lang.Object, int, java.lang.Object, java.lang.Object, java.lang.Object, java.lang.Object)'> (0x000000008d1cc780) 
thrown [s\open\src\hotspot\share\interpreter\linkResolver.cpp, line 759]
Event: 0.158 Thread 0x000001dcf21b0ec0 Exception <a 'java/lang/NoSuchMethodError'{0x000000008d1f1f40}: 'java.lang.Object java.lang.invoke.DirectMethodHandle$Holder.invokeStatic(java.lang.Object, int, java.lang.Object)'> (0x000000008d1f1f40) 
thrown [s\open\src\hotspot\share\interpreter\linkResolver.cpp, line 759]
Event: 0.174 Thread 0x000001dcf21b0ec0 Exception <a 'java/lang/ClassNotFoundException'{0x000000008d0aa1a8}: com/sun/swing/internal/plaf/metal/resources/spi/metalProvider> (0x000000008d0aa1a8) 
thrown [s\open\src\hotspot\share\classfile\systemDictionary.cpp, line 256]
Event: 0.175 Thread 0x000001dcf21b0ec0 Exception <a 'java/lang/ClassNotFoundException'{0x000000008d0ae080}: com/sun/swing/internal/plaf/basic/resources/spi/basicProvider> (0x000000008d0ae080) 
thrown [s\open\src\hotspot\share\classfile\systemDictionary.cpp, line 256]
Event: 0.390 Thread 0x000001dcf21b0ec0 Exception <a 'java/lang/NoSuchMethodError'{0x000000008d34b640}: 'void java.lang.invoke.DirectMethodHandle$Holder.invokeStaticInit(java.lang.Object)'> (0x000000008d34b640) 
thrown [s\open\src\hotspot\share\interpreter\linkResolver.cpp, line 759]
Event: 0.441 Thread 0x000001dcfec3da20 Exception <a 'java/lang/NoSuchMethodError'{0x000000008d38b288}: 'void java.lang.invoke.DirectMethodHandle$Holder.invokeVirtual(java.lang.Object, java.lang.Object)'> (0x000000008d38b288) 
thrown [s\open\src\hotspot\share\interpreter\linkResolver.cpp, line 759]

VM Operations (20 events):
Event: 0.417 Executing VM operation: HandshakeAllThreads
Event: 0.417 Executing VM operation: HandshakeAllThreads done
Event: 0.447 Executing VM operation: HandshakeAllThreads
Event: 0.447 Executing VM operation: HandshakeAllThreads done
Event: 1.446 Executing VM operation: Cleanup
Event: 1.447 Executing VM operation: Cleanup done
Event: 3.447 Executing VM operation: Cleanup
Event: 3.447 Executing VM operation: Cleanup done
Event: 5.448 Executing VM operation: Cleanup
Event: 5.448 Executing VM operation: Cleanup done
Event: 6.448 Executing VM operation: Cleanup
Event: 6.448 Executing VM operation: Cleanup done
Event: 8.448 Executing VM operation: Cleanup
Event: 8.449 Executing VM operation: Cleanup done
Event: 10.449 Executing VM operation: Cleanup
Event: 10.449 Executing VM operation: Cleanup done
Event: 12.450 Executing VM operation: Cleanup
Event: 12.450 Executing VM operation: Cleanup done
Event: 14.451 Executing VM operation: Cleanup
Event: 14.451 Executing VM operation: Cleanup done

Events (20 events):
Event: 0.487 loading class java/awt/event/AWTEventListenerProxy done
Event: 0.487 loading class java/awt/Toolkit$SelectiveAWTEventListener
Event: 0.487 loading class java/awt/Toolkit$SelectiveAWTEventListener done
Event: 0.488 loading class java/awt/Toolkit$ToolkitEventMulticaster
Event: 0.488 loading class java/awt/Toolkit$ToolkitEventMulticaster done
Event: 0.851 loading class java/awt/LightweightDispatcher$2
Event: 0.851 loading class java/awt/LightweightDispatcher$2 done
Event: 1.398 loading class javax/swing/ClientPropertyKey
Event: 1.398 loading class javax/swing/ClientPropertyKey done
Event: 1.398 loading class javax/swing/ClientPropertyKey$1
Event: 1.398 loading class sun/awt/AWTAccessor$ClientPropertyKeyAccessor
Event: 1.398 loading class sun/awt/AWTAccessor$ClientPropertyKeyAccessor done
Event: 1.398 loading class javax/swing/ClientPropertyKey$1 done
Event: 1.473 loading class java/lang/Throwable$WrappedPrintStream
Event: 1.473 loading class java/lang/Throwable$PrintStreamOrWriter
Event: 1.473 loading class java/lang/Throwable$PrintStreamOrWriter done
Event: 1.473 loading class java/lang/Throwable$WrappedPrintStream done
Event: 1.474 loading class java/lang/StackTraceElement$HashedModules
Event: 1.474 loading class java/lang/StackTraceElement$HashedModules done
Event: 5.497 Thread 0x000001dcd6033bb0 Thread exited: 0x000001dcd6033bb0


Dynamic libraries:
0x00007ff6b5c20000 - 0x00007ff6b5c30000 	C:\Program Files\Java\jdk-17\bin\java.exe
0x00007ff871870000 - 0x00007ff871a87000 	C:\WINDOWS\SYSTEM32\ntdll.dll
0x00007ff870390000 - 0x00007ff870454000 	C:\WINDOWS\System32\KERNEL32.DLL
0x00007ff86f1e0000 - 0x00007ff86f597000 	C:\WINDOWS\System32\KERNELBASE.dll
0x00007ff86edd0000 - 0x00007ff86eee1000 	C:\WINDOWS\System32\ucrtbase.dll
0x00007ff84d5e0000 - 0x00007ff84d5fb000 	C:\Program Files\Java\jdk-17\bin\VCRUNTIME140.dll
0x00007ff862d70000 - 0x00007ff862d89000 	C:\Program Files\Java\jdk-17\bin\jli.dll
0x00007ff86f5a0000 - 0x00007ff86f652000 	C:\WINDOWS\System32\ADVAPI32.dll
0x00007ff870460000 - 0x00007ff870507000 	C:\WINDOWS\System32\msvcrt.dll
0x00007ff86f8e0000 - 0x00007ff86f988000 	C:\WINDOWS\System32\sechost.dll
0x00007ff86eda0000 - 0x00007ff86edc8000 	C:\WINDOWS\System32\bcrypt.dll
0x00007ff86fbd0000 - 0x00007ff86fce4000 	C:\WINDOWS\System32\RPCRT4.dll
0x00007ff870cf0000 - 0x00007ff870e9f000 	C:\WINDOWS\System32\USER32.dll
0x00007ff86ec00000 - 0x00007ff86ec26000 	C:\WINDOWS\System32\win32u.dll
0x00007ff8519f0000 - 0x00007ff851c83000 	C:\WINDOWS\WinSxS\amd64_microsoft.windows.common-controls_6595b64144ccf1df_6.0.22621.3672_none_2713b9d173822955\COMCTL32.dll
0x00007ff870360000 - 0x00007ff870389000 	C:\WINDOWS\System32\GDI32.dll
0x00007ff86f0c0000 - 0x00007ff86f1d8000 	C:\WINDOWS\System32\gdi32full.dll
0x00007ff86f020000 - 0x00007ff86f0ba000 	C:\WINDOWS\System32\msvcp_win.dll
0x00007ff8624e0000 - 0x00007ff8624ea000 	C:\WINDOWS\SYSTEM32\VERSION.dll
0x00007ff8717f0000 - 0x00007ff871821000 	C:\WINDOWS\System32\IMM32.DLL
0x00007ff862ca0000 - 0x00007ff862cac000 	C:\Program Files\Java\jdk-17\bin\vcruntime140_1.dll
0x00007ff81fd80000 - 0x00007ff81fe0e000 	C:\Program Files\Java\jdk-17\bin\msvcp140.dll
0x00007ff811500000 - 0x00007ff8120e1000 	C:\Program Files\Java\jdk-17\bin\server\jvm.dll
0x00007ff86f720000 - 0x00007ff86f728000 	C:\WINDOWS\System32\PSAPI.DLL
0x00007ff865e00000 - 0x00007ff865e09000 	C:\WINDOWS\SYSTEM32\WSOCK32.dll
0x00007ff862b60000 - 0x00007ff862b94000 	C:\WINDOWS\SYSTEM32\WINMM.dll
0x00007ff86f990000 - 0x00007ff86fa01000 	C:\WINDOWS\System32\WS2_32.dll
0x00007ff86dba0000 - 0x00007ff86dbb8000 	C:\WINDOWS\SYSTEM32\kernel.appcore.dll
0x00007ff862be0000 - 0x00007ff862bea000 	C:\Program Files\Java\jdk-17\bin\jimage.dll
0x00007ff86c5f0000 - 0x00007ff86c822000 	C:\WINDOWS\SYSTEM32\DBGHELP.DLL
0x00007ff870530000 - 0x00007ff8708be000 	C:\WINDOWS\System32\combase.dll
0x00007ff870270000 - 0x00007ff870347000 	C:\WINDOWS\System32\OLEAUT32.dll
0x00007ff84b4c0000 - 0x00007ff84b4f2000 	C:\WINDOWS\SYSTEM32\dbgcore.DLL
0x00007ff86eb80000 - 0x00007ff86ebfb000 	C:\WINDOWS\System32\bcryptPrimitives.dll
0x00007ff842e80000 - 0x00007ff842ea5000 	C:\Program Files\Java\jdk-17\bin\java.dll
0x00007ff82b700000 - 0x00007ff82b7d7000 	C:\Program Files\Java\jdk-17\bin\jsvml.dll
0x00007ff870ea0000 - 0x00007ff871709000 	C:\WINDOWS\System32\SHELL32.dll
0x00007ff86caa0000 - 0x00007ff86d39f000 	C:\WINDOWS\SYSTEM32\windows.storage.dll
0x00007ff86c960000 - 0x00007ff86ca9f000 	C:\WINDOWS\SYSTEM32\wintypes.dll
0x00007ff870170000 - 0x00007ff870269000 	C:\WINDOWS\System32\SHCORE.dll
0x00007ff86f660000 - 0x00007ff86f6be000 	C:\WINDOWS\System32\shlwapi.dll
0x00007ff86eab0000 - 0x00007ff86ead7000 	C:\WINDOWS\SYSTEM32\profapi.dll
0x00007ff81bfc0000 - 0x00007ff81c151000 	C:\Program Files\Java\jdk-17\bin\awt.dll
0x00007ff867d10000 - 0x00007ff867da7000 	C:\WINDOWS\SYSTEM32\apphelp.dll
0x00007ff86bcc0000 - 0x00007ff86bceb000 	C:\WINDOWS\system32\DWMAPI.DLL
0x00007ff86ba40000 - 0x00007ff86baf1000 	C:\WINDOWS\system32\uxtheme.dll
0x00007ff83e110000 - 0x00007ff83e210000 	C:\WINDOWS\system32\opengl32.dll
0x00007ff83e0e0000 - 0x00007ff83e10d000 	C:\WINDOWS\SYSTEM32\GLU32.dll
0x00007ff86bb60000 - 0x00007ff86bb97000 	C:\WINDOWS\SYSTEM32\dxcore.dll
0x00007ff86fa70000 - 0x00007ff86fbd0000 	C:\WINDOWS\System32\MSCTF.dll
0x00007ff86f730000 - 0x00007ff86f8d5000 	C:\WINDOWS\System32\ole32.dll
0x00007ff860260000 - 0x00007ff86028e000 	C:\Program Files\Java\jdk-17\bin\javajpeg.dll
0x00007ff847f80000 - 0x00007ff847f98000 	C:\Program Files\Java\jdk-17\bin\zip.dll
0x00007ff82d140000 - 0x00007ff82d1c7000 	C:\Program Files\Java\jdk-17\bin\freetype.dll
0x00007ff82c620000 - 0x00007ff82c6f3000 	C:\Program Files\Java\jdk-17\bin\fontmanager.dll
0x00007ff84cc50000 - 0x00007ff84cc69000 	C:\Program Files\Java\jdk-17\bin\net.dll
0x00007ff865e30000 - 0x00007ff865f66000 	C:\WINDOWS\SYSTEM32\WINHTTP.dll
0x00007ff86e000000 - 0x00007ff86e069000 	C:\WINDOWS\system32\mswsock.dll
0x00007ff848210000 - 0x00007ff848226000 	C:\Program Files\Java\jdk-17\bin\nio.dll
0x00007ff852400000 - 0x00007ff852543000 	C:\WINDOWS\SYSTEM32\textinputframework.dll
0x00007ff8679e0000 - 0x00007ff867b13000 	C:\WINDOWS\SYSTEM32\CoreMessaging.dll
0x00007ff864df0000 - 0x00007ff86515d000 	C:\WINDOWS\SYSTEM32\CoreUIComponents.dll
0x00007ff86e250000 - 0x00007ff86e25c000 	C:\WINDOWS\SYSTEM32\CRYPTBASE.DLL

dbghelp: loaded successfully - version: 4.0.5 - missing functions: none
symbol engine: initialized successfully - sym options: 0x614 - pdb path: .;C:\Program Files\Java\jdk-17\bin;C:\WINDOWS\SYSTEM32;C:\WINDOWS\WinSxS\amd64_microsoft.windows.common-controls_6595b64144ccf1df_6.0.22621.3672_none_2713b9d173822955;C:\Program Files\Java\jdk-17\bin\server

VM Arguments:
jvm_args: -XX:+ShowCodeDetailsInExceptionMessages 
java_command: PanificioGioco
java_class_path (initial): C:\Users\nikka\AppData\Roaming\Code\User\workspaceStorage\189722be83d9c9b049f89142ae66798d\redhat.java\jdt_ws\Panificio_7fe1fc69\bin
Launcher Type: SUN_STANDARD

[Global flags]
     intx CICompilerCount                          = 3                                         {product} {ergonomic}
     uint ConcGCThreads                            = 1                                         {product} {ergonomic}
     uint G1ConcRefinementThreads                  = 4                                         {product} {ergonomic}
   size_t G1HeapRegionSize                         = 1048576                                   {product} {ergonomic}
    uintx GCDrainStackTargetSize                   = 64                                        {product} {ergonomic}
   size_t InitialHeapSize                          = 130023424                                 {product} {ergonomic}
   size_t MarkStackSize                            = 4194304                                   {product} {ergonomic}
   size_t MaxHeapSize                              = 2055208960                                {product} {ergonomic}
   size_t MaxNewSize                               = 1233125376                                {product} {ergonomic}
   size_t MinHeapDeltaBytes                        = 1048576                                   {product} {ergonomic}
   size_t MinHeapSize                              = 8388608                                   {product} {ergonomic}
    uintx NonNMethodCodeHeapSize                   = 5832780                                {pd product} {ergonomic}
    uintx NonProfiledCodeHeapSize                  = 122912730                              {pd product} {ergonomic}
    uintx ProfiledCodeHeapSize                     = 122912730                              {pd product} {ergonomic}
    uintx ReservedCodeCacheSize                    = 251658240                              {pd product} {ergonomic}
     bool SegmentedCodeCache                       = true                                      {product} {ergonomic}
     bool ShowCodeDetailsInExceptionMessages       = true                                   {manageable} {command line}
   size_t SoftMaxHeapSize                          = 2055208960                             {manageable} {ergonomic}
     bool UseCompressedClassPointers               = true                           {product lp64_product} {ergonomic}
     bool UseCompressedOops                        = true                           {product lp64_product} {ergonomic}
     bool UseG1GC                                  = true                                      {product} {ergonomic}
     bool UseLargePagesIndividualAllocation        = false                                  {pd product} {ergonomic}

Logging:
Log output configuration:
 #0: stdout all=warning uptime,level,tags
 #1: stderr all=off uptime,level,tags

Environment Variables:
JAVA_HOME=C:\Program Files\Java\jdk-17
PATH=C:\Program Files (x86)\Common Files\Oracle\Java\java8path;C:\Program Files (x86)\Common Files\Oracle\Java\javapath;C:\Program Files (x86)\NVIDIA Corporation\PhysX\Common;C:\WINDOWS\system32;C:\WINDOWS;C:\WINDOWS\System32\Wbem;C:\WINDOWS\System32\WindowsPowerShell\v1.0\;C:\WINDOWS\System32\OpenSSH\;C:\Program Files\Java\jdk-16.0.1\bin;C:\Program Files\Git\cmd;C:\Users\nikka\AppData\Local\platform-tools;C:\Users\nikka\AppData\Local\Microsoft\WindowsApps;C:\Users\nikka\AppData\Local\Programs\Microsoft VS Code\bin;C:\MinGW\bin;C:\Program Files\JetBrains\CLion 2023.2.2\bin;C:\Users\nikka\AppData\Local\GitHubDesktop\bin;C:\Users\nikka\AppData\Local\platform-tools;
USERNAME=Mykyta
OS=Windows_NT
PROCESSOR_IDENTIFIER=Intel64 Family 6 Model 140 Stepping 1, GenuineIntel



---------------  S Y S T E M  ---------------

OS:
 Windows 11 , 64 bit Build 22621 (10.0.22621.3958)
OS uptime: 2 days 20:07 hours
Hyper-V role detected

CPU: total 4 (initial active 4) (2 cores per cpu, 2 threads per core) family 6 model 140 stepping 1 microcode 0xb4, cx8, cmov, fxsr, ht, mmx, 3dnowpref, sse, sse2, sse3, ssse3, sse4.1, sse4.2, popcnt, lzcnt, tsc, tscinvbit, avx, avx2, aes, erms, clmul, bmi1, bmi2, adx, avx512f, avx512dq, avx512cd, avx512bw, avx512vl, sha, fma, vzeroupper, avx512_vpopcntdq, avx512_vpclmulqdq, avx512_vaes, avx512_vnni, clflush, clflushopt, clwb, avx512_vbmi2, avx512_vbmi, hv

Memory: 4k page, system-wide physical 7834M (758M free)
TotalPageFile size 22248M (AvailPageFile size 0M)
current process WorkingSet (physical memory assigned to process): 99M, peak: 110M
current process commit charge ("private bytes"): 219M, peak: 232M

vm_info: Java HotSpot(TM) 64-Bit Server VM (17.0.9+11-LTS-201) for windows-amd64 JRE (17.0.9+11-LTS-201), built on Oct 10 2023 23:16:06 by "mach5one" with MS VC++ 17.1 (VS2022)

END.
