#
# There is insufficient memory for the Java Runtime Environment to continue.
# Native memory allocation (malloc) failed to allocate 153136 bytes for Chunk::new
# Possible reasons:
#   The system is out of physical RAM or swap space
#   The process is running with CompressedOops enabled, and the Java Heap may be blocking the growth of the native heap
# Possible solutions:
#   Reduce memory load on the system
#   Increase physical memory or swap space
#   Check if swap backing store is full
#   Decrease Java heap size (-Xmx/-Xms)
#   Decrease number of Java threads
#   Decrease Java thread stack sizes (-Xss)
#   Set larger code cache with -XX:ReservedCodeCacheSize=
#   JVM is running with Unscaled Compressed Oops mode in which the Java heap is
#     placed in the first 4GB address space. The Java Heap base address is the
#     maximum limit for the native heap growth. Please use -XX:HeapBaseMinAddress
#     to set the Java Heap base and to place the Java Heap above 4GB virtual address.
# This output file may be truncated or incomplete.
#
#  Out of Memory Error (arena.cpp:189), pid=13456, tid=7844
#
# JRE version: Java(TM) SE Runtime Environment (17.0.9+11) (build 17.0.9+11-LTS-201)
# Java VM: Java HotSpot(TM) 64-Bit Server VM (17.0.9+11-LTS-201, mixed mode, sharing, tiered, compressed oops, compressed class ptrs, g1 gc, windows-amd64)
# No core dump will be written. Minidumps are not enabled by default on client versions of Windows
#

---------------  S U M M A R Y ------------

Command Line: -agentlib:jdwp=transport=dt_socket,server=n,suspend=y,address=localhost:61173 -XX:+ShowCodeDetailsInExceptionMessages PanificioGioco

Host: 11th Gen Intel(R) Core(TM) i3-1115G4 @ 3.00GHz, 4 cores, 7G,  Windows 11 , 64 bit Build 22621 (10.0.22621.3958)
Time: Sat Nov  2 11:58:15 2024 ora solare Europa occidentale elapsed time: 0.500322 seconds (0d 0h 0m 0s)

---------------  T H R E A D  ---------------

Current thread (0x00000204461a3e80):  JavaThread "C2 CompilerThread0" daemon [_thread_in_native, id=7844, stack(0x0000001328e00000,0x0000001328f00000)]


Current CompileTask:
C2:    500  617       4       sun.awt.image.PNGImageDecoder::filterRow (460 bytes)

Stack: [0x0000001328e00000,0x0000001328f00000]
Native frames: (J=compiled Java code, j=interpreted, Vv=VM code, C=native code)
V  [jvm.dll+0x678a4a]
V  [jvm.dll+0x7d9cfd]
V  [jvm.dll+0x7db60e]
V  [jvm.dll+0x7dbc73]
V  [jvm.dll+0x245e1f]
V  [jvm.dll+0xaaafb]
V  [jvm.dll+0xab09c]
V  [jvm.dll+0x2ab7ef]
V  [jvm.dll+0x5812e5]
V  [jvm.dll+0x220c52]
V  [jvm.dll+0x22102f]
V  [jvm.dll+0x219f86]
V  [jvm.dll+0x217459]
V  [jvm.dll+0x1a3bc0]
V  [jvm.dll+0x2272de]
V  [jvm.dll+0x22548b]
V  [jvm.dll+0x78f58c]
V  [jvm.dll+0x78998a]
V  [jvm.dll+0x677875]
C  [ucrtbase.dll+0x29333]
C  [KERNEL32.DLL+0x1257d]
C  [ntdll.dll+0x5af08]


---------------  P R O C E S S  ---------------

Threads class SMR info:
_java_thread_list=0x0000020446721a80, length=22, elements={
0x0000020446183fa0, 0x0000020446184b60, 0x000002044619ef80, 0x000002044619f940,
0x00000204461a0300, 0x00000204461a30e0, 0x00000204461a3e80, 0x00000204461b1170,
0x00000204461bb260, 0x0000020446445f70, 0x000002044644a020, 0x000002044644c680,
0x000002044644cd60, 0x000002044644d7d0, 0x000002044663b230, 0x0000020446687440,
0x000002044668a9b0, 0x0000020446724020, 0x0000020446737ec0, 0x0000020426a69f40,
0x000002048ce26ca0, 0x000002048ce2aca0
}
_to_delete_list=0x000002044671f7a0, length=23, elements={
0x0000020446183fa0, 0x0000020446184b60, 0x000002044619ef80, 0x000002044619f940,
0x00000204461a0300, 0x00000204461a30e0, 0x00000204461a3e80, 0x00000204461b1170,
0x00000204461bb260, 0x0000020446445f70, 0x000002044644a020, 0x000002044644c680,
0x000002044644cd60, 0x000002044644d7d0, 0x000002044663b230, 0x0000020446687440,
0x000002044668a9b0, 0x0000020446724020, 0x0000020446737ec0, 0x0000020426a69f40,
0x000002048ce26ca0, 0x000002048ce2aca0, 0x000002048ce2bbd0
}

Java Threads: ( => current thread )
  0x0000020446183fa0 JavaThread "Reference Handler" daemon [_thread_blocked, id=3856, stack(0x0000001328800000,0x0000001328900000)]
  0x0000020446184b60 JavaThread "Finalizer" daemon [_thread_blocked, id=11168, stack(0x0000001328900000,0x0000001328a00000)]
  0x000002044619ef80 JavaThread "Signal Dispatcher" daemon [_thread_blocked, id=20472, stack(0x0000001328a00000,0x0000001328b00000)]
  0x000002044619f940 JavaThread "Attach Listener" daemon [_thread_blocked, id=4672, stack(0x0000001328b00000,0x0000001328c00000)]
  0x00000204461a0300 JavaThread "Service Thread" daemon [_thread_blocked, id=16676, stack(0x0000001328c00000,0x0000001328d00000)]
  0x00000204461a30e0 JavaThread "Monitor Deflation Thread" daemon [_thread_blocked, id=14784, stack(0x0000001328d00000,0x0000001328e00000)]
=>0x00000204461a3e80 JavaThread "C2 CompilerThread0" daemon [_thread_in_native, id=7844, stack(0x0000001328e00000,0x0000001328f00000)]
  0x00000204461b1170 JavaThread "C1 CompilerThread0" daemon [_thread_blocked, id=21372, stack(0x0000001328f00000,0x0000001329000000)]
  0x00000204461bb260 JavaThread "Sweeper thread" daemon [_thread_blocked, id=17472, stack(0x0000001329000000,0x0000001329100000)]
  0x0000020446445f70 JavaThread "JDWP Transport Listener: dt_socket" daemon [_thread_blocked, id=4944, stack(0x0000001329100000,0x0000001329200000)]
  0x000002044644a020 JavaThread "JDWP Event Helper Thread" daemon [_thread_blocked, id=1888, stack(0x0000001329200000,0x0000001329300000)]
  0x000002044644c680 JavaThread "JDWP Command Reader" daemon [_thread_in_native, id=17688, stack(0x0000001329300000,0x0000001329400000)]
  0x000002044644cd60 JavaThread "Notification Thread" daemon [_thread_blocked, id=16000, stack(0x0000001329400000,0x0000001329500000)]
  0x000002044644d7d0 JavaThread "Common-Cleaner" daemon [_thread_blocked, id=19160, stack(0x0000001329600000,0x0000001329700000)]
  0x000002044663b230 JavaThread "Java2D Disposer" daemon [_thread_blocked, id=8440, stack(0x0000001329700000,0x0000001329800000)]
  0x0000020446687440 JavaThread "AWT-Shutdown" [_thread_blocked, id=14548, stack(0x0000001329800000,0x0000001329900000)]
  0x000002044668a9b0 JavaThread "AWT-Windows" daemon [_thread_in_native, id=15072, stack(0x0000001329900000,0x0000001329a00000)]
  0x0000020446724020 JavaThread "AWT-EventQueue-0" [_thread_blocked, id=17380, stack(0x0000001329a00000,0x0000001329b00000)]
  0x0000020446737ec0 JavaThread "Thread-0" [_thread_blocked, id=19464, stack(0x0000001329b00000,0x0000001329c00000)]
  0x0000020426a69f40 JavaThread "DestroyJavaVM" [_thread_blocked, id=16636, stack(0x0000001328100000,0x0000001328200000)]
  0x000002048ce26ca0 JavaThread "Image Fetcher 0" daemon [_thread_blocked, id=20140, stack(0x0000001329c00000,0x0000001329d00000)]
  0x000002048ce2aca0 JavaThread "Image Fetcher 1" daemon [_thread_blocked, id=19940, stack(0x0000001329d00000,0x0000001329e00000)]

Other Threads:
  0x0000020446180500 VMThread "VM Thread" [stack: 0x0000001328700000,0x0000001328800000] [id=17144]
  0x000002044618de90 WatcherThread [stack: 0x0000001329500000,0x0000001329600000] [id=18796]
  0x0000020428bca150 GCTaskThread "GC Thread#0" [stack: 0x0000001328200000,0x0000001328300000] [id=16924]
  0x0000020428bdb5b0 ConcurrentGCThread "G1 Main Marker" [stack: 0x0000001328300000,0x0000001328400000] [id=15064]
  0x0000020428bdcfd0 ConcurrentGCThread "G1 Conc#0" [stack: 0x0000001328400000,0x0000001328500000] [id=11240]
  0x0000020428c34cb0 ConcurrentGCThread "G1 Refine#0" [stack: 0x0000001328500000,0x0000001328600000] [id=17704]
  0x00000204460307d0 ConcurrentGCThread "G1 Service" [stack: 0x0000001328600000,0x0000001328700000] [id=4540]

Threads with active compile tasks:
C2 CompilerThread0      520  617       4       sun.awt.image.PNGImageDecoder::filterRow (460 bytes)

VM state: not at safepoint (normal execution)

VM Mutex/Monitor currently owned by a thread: None

OutOfMemory and StackOverflow Exception counts:
OutOfMemoryError java_heap_errors=1
LinkageErrors=8

Heap address: 0x0000000085800000, size: 1960 MB, Compressed Oops mode: 32-bit

CDS archive(s) mapped at: [0x0000020447000000-0x0000020447bd0000-0x0000020447bd0000), size 12386304, SharedBaseAddress: 0x0000020447000000, ArchiveRelocationMode: 1.
Compressed class space mapped at: 0x0000020448000000-0x0000020488000000, reserved size: 1073741824
Narrow klass base: 0x0000020447000000, Narrow klass shift: 0, Narrow klass range: 0x100000000

GC Precious Log:
 CPUs: 4 total, 4 available
 Memory: 7834M
 Large Page Support: Disabled
 NUMA Support: Disabled
 Compressed Oops: Enabled (32-bit)
 Heap Region Size: 1M
 Heap Min Capacity: 8M
 Heap Initial Capacity: 124M
 Heap Max Capacity: 1960M
 Pre-touch: Disabled
 Parallel Workers: 4
 Concurrent Workers: 1
 Concurrent Refinement Workers: 4
 Periodic GC: Disabled

Heap:
 garbage-first heap   total 126976K, used 10240K [0x0000000085800000, 0x0000000100000000)
  region size 1024K, 7 young (7168K), 0 survivors (0K)
 Metaspace       used 6404K, committed 6656K, reserved 1114112K
  class space    used 708K, committed 832K, reserved 1048576K

Heap Regions: E=young(eden), S=young(survivor), O=old, HS=humongous(starts), HC=humongous(continues), CS=collection set, F=free, OA=open archive, CA=closed archive, TAMS=top-at-mark-start (previous, next)
|   0|0x0000000085800000, 0x0000000085900000, 0x0000000085900000|100%|HS|  |TAMS 0x0000000085800000, 0x0000000085800000| Complete 
|   1|0x0000000085900000, 0x0000000085a00000, 0x0000000085a00000|100%|HC|  |TAMS 0x0000000085900000, 0x0000000085900000| Complete 
|   2|0x0000000085a00000, 0x0000000085b00000, 0x0000000085b00000|100%|HS|  |TAMS 0x0000000085a00000, 0x0000000085a00000| Complete 
|   3|0x0000000085b00000, 0x0000000085c00000, 0x0000000085c00000|100%|HS|  |TAMS 0x0000000085b00000, 0x0000000085b00000| Complete 
|   4|0x0000000085c00000, 0x0000000085c00000, 0x0000000085d00000|  0%| F|  |TAMS 0x0000000085c00000, 0x0000000085c00000| Untracked 
|   5|0x0000000085d00000, 0x0000000085d00000, 0x0000000085e00000|  0%| F|  |TAMS 0x0000000085d00000, 0x0000000085d00000| Untracked 
|   6|0x0000000085e00000, 0x0000000085e00000, 0x0000000085f00000|  0%| F|  |TAMS 0x0000000085e00000, 0x0000000085e00000| Untracked 
|   7|0x0000000085f00000, 0x0000000085f00000, 0x0000000086000000|  0%| F|  |TAMS 0x0000000085f00000, 0x0000000085f00000| Untracked 
|   8|0x0000000086000000, 0x0000000086000000, 0x0000000086100000|  0%| F|  |TAMS 0x0000000086000000, 0x0000000086000000| Untracked 
|   9|0x0000000086100000, 0x0000000086100000, 0x0000000086200000|  0%| F|  |TAMS 0x0000000086100000, 0x0000000086100000| Untracked 
|  10|0x0000000086200000, 0x0000000086200000, 0x0000000086300000|  0%| F|  |TAMS 0x0000000086200000, 0x0000000086200000| Untracked 
|  11|0x0000000086300000, 0x0000000086300000, 0x0000000086400000|  0%| F|  |TAMS 0x0000000086300000, 0x0000000086300000| Untracked 
|  12|0x0000000086400000, 0x0000000086400000, 0x0000000086500000|  0%| F|  |TAMS 0x0000000086400000, 0x0000000086400000| Untracked 
|  13|0x0000000086500000, 0x0000000086500000, 0x0000000086600000|  0%| F|  |TAMS 0x0000000086500000, 0x0000000086500000| Untracked 
|  14|0x0000000086600000, 0x0000000086600000, 0x0000000086700000|  0%| F|  |TAMS 0x0000000086600000, 0x0000000086600000| Untracked 
|  15|0x0000000086700000, 0x0000000086700000, 0x0000000086800000|  0%| F|  |TAMS 0x0000000086700000, 0x0000000086700000| Untracked 
|  16|0x0000000086800000, 0x0000000086800000, 0x0000000086900000|  0%| F|  |TAMS 0x0000000086800000, 0x0000000086800000| Untracked 
|  17|0x0000000086900000, 0x0000000086900000, 0x0000000086a00000|  0%| F|  |TAMS 0x0000000086900000, 0x0000000086900000| Untracked 
|  18|0x0000000086a00000, 0x0000000086a00000, 0x0000000086b00000|  0%| F|  |TAMS 0x0000000086a00000, 0x0000000086a00000| Untracked 
|  19|0x0000000086b00000, 0x0000000086b00000, 0x0000000086c00000|  0%| F|  |TAMS 0x0000000086b00000, 0x0000000086b00000| Untracked 
|  20|0x0000000086c00000, 0x0000000086c00000, 0x0000000086d00000|  0%| F|  |TAMS 0x0000000086c00000, 0x0000000086c00000| Untracked 
|  21|0x0000000086d00000, 0x0000000086d00000, 0x0000000086e00000|  0%| F|  |TAMS 0x0000000086d00000, 0x0000000086d00000| Untracked 
|  22|0x0000000086e00000, 0x0000000086e00000, 0x0000000086f00000|  0%| F|  |TAMS 0x0000000086e00000, 0x0000000086e00000| Untracked 
|  23|0x0000000086f00000, 0x0000000086f00000, 0x0000000087000000|  0%| F|  |TAMS 0x0000000086f00000, 0x0000000086f00000| Untracked 
|  24|0x0000000087000000, 0x0000000087000000, 0x0000000087100000|  0%| F|  |TAMS 0x0000000087000000, 0x0000000087000000| Untracked 
|  25|0x0000000087100000, 0x0000000087100000, 0x0000000087200000|  0%| F|  |TAMS 0x0000000087100000, 0x0000000087100000| Untracked 
|  26|0x0000000087200000, 0x0000000087200000, 0x0000000087300000|  0%| F|  |TAMS 0x0000000087200000, 0x0000000087200000| Untracked 
|  27|0x0000000087300000, 0x0000000087300000, 0x0000000087400000|  0%| F|  |TAMS 0x0000000087300000, 0x0000000087300000| Untracked 
|  28|0x0000000087400000, 0x0000000087400000, 0x0000000087500000|  0%| F|  |TAMS 0x0000000087400000, 0x0000000087400000| Untracked 
|  29|0x0000000087500000, 0x0000000087500000, 0x0000000087600000|  0%| F|  |TAMS 0x0000000087500000, 0x0000000087500000| Untracked 
|  30|0x0000000087600000, 0x0000000087600000, 0x0000000087700000|  0%| F|  |TAMS 0x0000000087600000, 0x0000000087600000| Untracked 
|  31|0x0000000087700000, 0x0000000087700000, 0x0000000087800000|  0%| F|  |TAMS 0x0000000087700000, 0x0000000087700000| Untracked 
|  32|0x0000000087800000, 0x0000000087800000, 0x0000000087900000|  0%| F|  |TAMS 0x0000000087800000, 0x0000000087800000| Untracked 
|  33|0x0000000087900000, 0x0000000087900000, 0x0000000087a00000|  0%| F|  |TAMS 0x0000000087900000, 0x0000000087900000| Untracked 
|  34|0x0000000087a00000, 0x0000000087a00000, 0x0000000087b00000|  0%| F|  |TAMS 0x0000000087a00000, 0x0000000087a00000| Untracked 
|  35|0x0000000087b00000, 0x0000000087b00000, 0x0000000087c00000|  0%| F|  |TAMS 0x0000000087b00000, 0x0000000087b00000| Untracked 
|  36|0x0000000087c00000, 0x0000000087c00000, 0x0000000087d00000|  0%| F|  |TAMS 0x0000000087c00000, 0x0000000087c00000| Untracked 
|  37|0x0000000087d00000, 0x0000000087d00000, 0x0000000087e00000|  0%| F|  |TAMS 0x0000000087d00000, 0x0000000087d00000| Untracked 
|  38|0x0000000087e00000, 0x0000000087e00000, 0x0000000087f00000|  0%| F|  |TAMS 0x0000000087e00000, 0x0000000087e00000| Untracked 
|  39|0x0000000087f00000, 0x0000000087f00000, 0x0000000088000000|  0%| F|  |TAMS 0x0000000087f00000, 0x0000000087f00000| Untracked 
|  40|0x0000000088000000, 0x0000000088000000, 0x0000000088100000|  0%| F|  |TAMS 0x0000000088000000, 0x0000000088000000| Untracked 
|  41|0x0000000088100000, 0x0000000088100000, 0x0000000088200000|  0%| F|  |TAMS 0x0000000088100000, 0x0000000088100000| Untracked 
|  42|0x0000000088200000, 0x0000000088200000, 0x0000000088300000|  0%| F|  |TAMS 0x0000000088200000, 0x0000000088200000| Untracked 
|  43|0x0000000088300000, 0x0000000088300000, 0x0000000088400000|  0%| F|  |TAMS 0x0000000088300000, 0x0000000088300000| Untracked 
|  44|0x0000000088400000, 0x0000000088400000, 0x0000000088500000|  0%| F|  |TAMS 0x0000000088400000, 0x0000000088400000| Untracked 
|  45|0x0000000088500000, 0x0000000088500000, 0x0000000088600000|  0%| F|  |TAMS 0x0000000088500000, 0x0000000088500000| Untracked 
|  46|0x0000000088600000, 0x0000000088600000, 0x0000000088700000|  0%| F|  |TAMS 0x0000000088600000, 0x0000000088600000| Untracked 
|  47|0x0000000088700000, 0x0000000088700000, 0x0000000088800000|  0%| F|  |TAMS 0x0000000088700000, 0x0000000088700000| Untracked 
|  48|0x0000000088800000, 0x0000000088800000, 0x0000000088900000|  0%| F|  |TAMS 0x0000000088800000, 0x0000000088800000| Untracked 
|  49|0x0000000088900000, 0x0000000088900000, 0x0000000088a00000|  0%| F|  |TAMS 0x0000000088900000, 0x0000000088900000| Untracked 
|  50|0x0000000088a00000, 0x0000000088a00000, 0x0000000088b00000|  0%| F|  |TAMS 0x0000000088a00000, 0x0000000088a00000| Untracked 
|  51|0x0000000088b00000, 0x0000000088b00000, 0x0000000088c00000|  0%| F|  |TAMS 0x0000000088b00000, 0x0000000088b00000| Untracked 
|  52|0x0000000088c00000, 0x0000000088c00000, 0x0000000088d00000|  0%| F|  |TAMS 0x0000000088c00000, 0x0000000088c00000| Untracked 
|  53|0x0000000088d00000, 0x0000000088d00000, 0x0000000088e00000|  0%| F|  |TAMS 0x0000000088d00000, 0x0000000088d00000| Untracked 
|  54|0x0000000088e00000, 0x0000000088e00000, 0x0000000088f00000|  0%| F|  |TAMS 0x0000000088e00000, 0x0000000088e00000| Untracked 
|  55|0x0000000088f00000, 0x0000000088f00000, 0x0000000089000000|  0%| F|  |TAMS 0x0000000088f00000, 0x0000000088f00000| Untracked 
|  56|0x0000000089000000, 0x0000000089000000, 0x0000000089100000|  0%| F|  |TAMS 0x0000000089000000, 0x0000000089000000| Untracked 
|  57|0x0000000089100000, 0x0000000089100000, 0x0000000089200000|  0%| F|  |TAMS 0x0000000089100000, 0x0000000089100000| Untracked 
|  58|0x0000000089200000, 0x0000000089200000, 0x0000000089300000|  0%| F|  |TAMS 0x0000000089200000, 0x0000000089200000| Untracked 
|  59|0x0000000089300000, 0x0000000089300000, 0x0000000089400000|  0%| F|  |TAMS 0x0000000089300000, 0x0000000089300000| Untracked 
|  60|0x0000000089400000, 0x0000000089400000, 0x0000000089500000|  0%| F|  |TAMS 0x0000000089400000, 0x0000000089400000| Untracked 
|  61|0x0000000089500000, 0x0000000089500000, 0x0000000089600000|  0%| F|  |TAMS 0x0000000089500000, 0x0000000089500000| Untracked 
|  62|0x0000000089600000, 0x0000000089600000, 0x0000000089700000|  0%| F|  |TAMS 0x0000000089600000, 0x0000000089600000| Untracked 
|  63|0x0000000089700000, 0x0000000089700000, 0x0000000089800000|  0%| F|  |TAMS 0x0000000089700000, 0x0000000089700000| Untracked 
|  64|0x0000000089800000, 0x0000000089800000, 0x0000000089900000|  0%| F|  |TAMS 0x0000000089800000, 0x0000000089800000| Untracked 
|  65|0x0000000089900000, 0x0000000089900000, 0x0000000089a00000|  0%| F|  |TAMS 0x0000000089900000, 0x0000000089900000| Untracked 
|  66|0x0000000089a00000, 0x0000000089a00000, 0x0000000089b00000|  0%| F|  |TAMS 0x0000000089a00000, 0x0000000089a00000| Untracked 
|  67|0x0000000089b00000, 0x0000000089b00000, 0x0000000089c00000|  0%| F|  |TAMS 0x0000000089b00000, 0x0000000089b00000| Untracked 
|  68|0x0000000089c00000, 0x0000000089c00000, 0x0000000089d00000|  0%| F|  |TAMS 0x0000000089c00000, 0x0000000089c00000| Untracked 
|  69|0x0000000089d00000, 0x0000000089d00000, 0x0000000089e00000|  0%| F|  |TAMS 0x0000000089d00000, 0x0000000089d00000| Untracked 
|  70|0x0000000089e00000, 0x0000000089e00000, 0x0000000089f00000|  0%| F|  |TAMS 0x0000000089e00000, 0x0000000089e00000| Untracked 
|  71|0x0000000089f00000, 0x0000000089f00000, 0x000000008a000000|  0%| F|  |TAMS 0x0000000089f00000, 0x0000000089f00000| Untracked 
|  72|0x000000008a000000, 0x000000008a000000, 0x000000008a100000|  0%| F|  |TAMS 0x000000008a000000, 0x000000008a000000| Untracked 
|  73|0x000000008a100000, 0x000000008a100000, 0x000000008a200000|  0%| F|  |TAMS 0x000000008a100000, 0x000000008a100000| Untracked 
|  74|0x000000008a200000, 0x000000008a200000, 0x000000008a300000|  0%| F|  |TAMS 0x000000008a200000, 0x000000008a200000| Untracked 
|  75|0x000000008a300000, 0x000000008a300000, 0x000000008a400000|  0%| F|  |TAMS 0x000000008a300000, 0x000000008a300000| Untracked 
|  76|0x000000008a400000, 0x000000008a400000, 0x000000008a500000|  0%| F|  |TAMS 0x000000008a400000, 0x000000008a400000| Untracked 
|  77|0x000000008a500000, 0x000000008a500000, 0x000000008a600000|  0%| F|  |TAMS 0x000000008a500000, 0x000000008a500000| Untracked 
|  78|0x000000008a600000, 0x000000008a600000, 0x000000008a700000|  0%| F|  |TAMS 0x000000008a600000, 0x000000008a600000| Untracked 
|  79|0x000000008a700000, 0x000000008a700000, 0x000000008a800000|  0%| F|  |TAMS 0x000000008a700000, 0x000000008a700000| Untracked 
|  80|0x000000008a800000, 0x000000008a800000, 0x000000008a900000|  0%| F|  |TAMS 0x000000008a800000, 0x000000008a800000| Untracked 
|  81|0x000000008a900000, 0x000000008a900000, 0x000000008aa00000|  0%| F|  |TAMS 0x000000008a900000, 0x000000008a900000| Untracked 
|  82|0x000000008aa00000, 0x000000008aa00000, 0x000000008ab00000|  0%| F|  |TAMS 0x000000008aa00000, 0x000000008aa00000| Untracked 
|  83|0x000000008ab00000, 0x000000008ab00000, 0x000000008ac00000|  0%| F|  |TAMS 0x000000008ab00000, 0x000000008ab00000| Untracked 
|  84|0x000000008ac00000, 0x000000008ac00000, 0x000000008ad00000|  0%| F|  |TAMS 0x000000008ac00000, 0x000000008ac00000| Untracked 
|  85|0x000000008ad00000, 0x000000008ad00000, 0x000000008ae00000|  0%| F|  |TAMS 0x000000008ad00000, 0x000000008ad00000| Untracked 
|  86|0x000000008ae00000, 0x000000008ae00000, 0x000000008af00000|  0%| F|  |TAMS 0x000000008ae00000, 0x000000008ae00000| Untracked 
|  87|0x000000008af00000, 0x000000008af00000, 0x000000008b000000|  0%| F|  |TAMS 0x000000008af00000, 0x000000008af00000| Untracked 
|  88|0x000000008b000000, 0x000000008b000000, 0x000000008b100000|  0%| F|  |TAMS 0x000000008b000000, 0x000000008b000000| Untracked 
|  89|0x000000008b100000, 0x000000008b100000, 0x000000008b200000|  0%| F|  |TAMS 0x000000008b100000, 0x000000008b100000| Untracked 
|  90|0x000000008b200000, 0x000000008b200000, 0x000000008b300000|  0%| F|  |TAMS 0x000000008b200000, 0x000000008b200000| Untracked 
|  91|0x000000008b300000, 0x000000008b300000, 0x000000008b400000|  0%| F|  |TAMS 0x000000008b300000, 0x000000008b300000| Untracked 
|  92|0x000000008b400000, 0x000000008b400000, 0x000000008b500000|  0%| F|  |TAMS 0x000000008b400000, 0x000000008b400000| Untracked 
|  93|0x000000008b500000, 0x000000008b500000, 0x000000008b600000|  0%| F|  |TAMS 0x000000008b500000, 0x000000008b500000| Untracked 
|  94|0x000000008b600000, 0x000000008b600000, 0x000000008b700000|  0%| F|  |TAMS 0x000000008b600000, 0x000000008b600000| Untracked 
|  95|0x000000008b700000, 0x000000008b700000, 0x000000008b800000|  0%| F|  |TAMS 0x000000008b700000, 0x000000008b700000| Untracked 
|  96|0x000000008b800000, 0x000000008b800000, 0x000000008b900000|  0%| F|  |TAMS 0x000000008b800000, 0x000000008b800000| Untracked 
|  97|0x000000008b900000, 0x000000008b900000, 0x000000008ba00000|  0%| F|  |TAMS 0x000000008b900000, 0x000000008b900000| Untracked 
|  98|0x000000008ba00000, 0x000000008ba00000, 0x000000008bb00000|  0%| F|  |TAMS 0x000000008ba00000, 0x000000008ba00000| Untracked 
|  99|0x000000008bb00000, 0x000000008bb00000, 0x000000008bc00000|  0%| F|  |TAMS 0x000000008bb00000, 0x000000008bb00000| Untracked 
| 100|0x000000008bc00000, 0x000000008bc00000, 0x000000008bd00000|  0%| F|  |TAMS 0x000000008bc00000, 0x000000008bc00000| Untracked 
| 101|0x000000008bd00000, 0x000000008bd00000, 0x000000008be00000|  0%| F|  |TAMS 0x000000008bd00000, 0x000000008bd00000| Untracked 
| 102|0x000000008be00000, 0x000000008be00000, 0x000000008bf00000|  0%| F|  |TAMS 0x000000008be00000, 0x000000008be00000| Untracked 
| 103|0x000000008bf00000, 0x000000008bf00000, 0x000000008c000000|  0%| F|  |TAMS 0x000000008bf00000, 0x000000008bf00000| Untracked 
| 104|0x000000008c000000, 0x000000008c000000, 0x000000008c100000|  0%| F|  |TAMS 0x000000008c000000, 0x000000008c000000| Untracked 
| 105|0x000000008c100000, 0x000000008c100000, 0x000000008c200000|  0%| F|  |TAMS 0x000000008c100000, 0x000000008c100000| Untracked 
| 106|0x000000008c200000, 0x000000008c200000, 0x000000008c300000|  0%| F|  |TAMS 0x000000008c200000, 0x000000008c200000| Untracked 
| 107|0x000000008c300000, 0x000000008c300000, 0x000000008c400000|  0%| F|  |TAMS 0x000000008c300000, 0x000000008c300000| Untracked 
| 108|0x000000008c400000, 0x000000008c400000, 0x000000008c500000|  0%| F|  |TAMS 0x000000008c400000, 0x000000008c400000| Untracked 
| 109|0x000000008c500000, 0x000000008c500000, 0x000000008c600000|  0%| F|  |TAMS 0x000000008c500000, 0x000000008c500000| Untracked 
| 110|0x000000008c600000, 0x000000008c600000, 0x000000008c700000|  0%| F|  |TAMS 0x000000008c600000, 0x000000008c600000| Untracked 
| 111|0x000000008c700000, 0x000000008c700000, 0x000000008c800000|  0%| F|  |TAMS 0x000000008c700000, 0x000000008c700000| Untracked 
| 112|0x000000008c800000, 0x000000008c800000, 0x000000008c900000|  0%| F|  |TAMS 0x000000008c800000, 0x000000008c800000| Untracked 
| 113|0x000000008c900000, 0x000000008c900000, 0x000000008ca00000|  0%| F|  |TAMS 0x000000008c900000, 0x000000008c900000| Untracked 
| 114|0x000000008ca00000, 0x000000008ca00000, 0x000000008cb00000|  0%| F|  |TAMS 0x000000008ca00000, 0x000000008ca00000| Untracked 
| 115|0x000000008cb00000, 0x000000008cb00000, 0x000000008cc00000|  0%| F|  |TAMS 0x000000008cb00000, 0x000000008cb00000| Untracked 
| 116|0x000000008cc00000, 0x000000008cc00000, 0x000000008cd00000|  0%| F|  |TAMS 0x000000008cc00000, 0x000000008cc00000| Untracked 
| 117|0x000000008cd00000, 0x000000008cdc99d0, 0x000000008ce00000| 78%| E|  |TAMS 0x000000008cd00000, 0x000000008cd00000| Complete 
| 118|0x000000008ce00000, 0x000000008cf00000, 0x000000008cf00000|100%| E|CS|TAMS 0x000000008ce00000, 0x000000008ce00000| Complete 
| 119|0x000000008cf00000, 0x000000008d000000, 0x000000008d000000|100%| E|CS|TAMS 0x000000008cf00000, 0x000000008cf00000| Complete 
| 120|0x000000008d000000, 0x000000008d100000, 0x000000008d100000|100%| E|CS|TAMS 0x000000008d000000, 0x000000008d000000| Complete 
| 121|0x000000008d100000, 0x000000008d200000, 0x000000008d200000|100%| E|CS|TAMS 0x000000008d100000, 0x000000008d100000| Complete 
| 122|0x000000008d200000, 0x000000008d300000, 0x000000008d300000|100%| E|CS|TAMS 0x000000008d200000, 0x000000008d200000| Complete 
| 123|0x000000008d300000, 0x000000008d400000, 0x000000008d400000|100%| E|CS|TAMS 0x000000008d300000, 0x000000008d300000| Complete 

Card table byte_map: [0x000002043f7f0000,0x000002043fbd0000] _byte_map_base: 0x000002043f3c4000

Marking Bits (Prev, Next): (CMBitMap*) 0x0000020428bca770, (CMBitMap*) 0x0000020428bca7b0
 Prev Bits: [0x000002043ffb0000, 0x0000020441e50000)
 Next Bits: [0x0000020441e50000, 0x0000020443cf0000)

Polling page: 0x0000020428340000

Metaspace:

Usage:
  Non-class:      5.56 MB used.
      Class:    708.05 KB used.
       Both:      6.25 MB used.

Virtual space:
  Non-class space:       64.00 MB reserved,       5.69 MB (  9%) committed,  1 nodes.
      Class space:        1.00 GB reserved,     832.00 KB ( <1%) committed,  1 nodes.
             Both:        1.06 GB reserved,       6.50 MB ( <1%) committed. 

Chunk freelists:
   Non-Class:  10.37 MB
       Class:  15.24 MB
        Both:  25.60 MB

MaxMetaspaceSize: unlimited
CompressedClassSpaceSize: 1.00 GB
Initial GC threshold: 21.00 MB
Current GC threshold: 21.00 MB
CDS: on
MetaspaceReclaimPolicy: balanced
 - commit_granule_bytes: 65536.
 - commit_granule_words: 8192.
 - virtual_space_node_default_size: 8388608.
 - enlarge_chunks_in_place: 1.
 - new_chunks_are_fully_committed: 0.
 - uncommit_free_chunks: 1.
 - use_allocation_guard: 0.
 - handle_deallocations: 1.


Internal statistics:

num_allocs_failed_limit: 0.
num_arena_births: 114.
num_arena_deaths: 0.
num_vsnodes_births: 2.
num_vsnodes_deaths: 0.
num_space_committed: 104.
num_space_uncommitted: 0.
num_chunks_returned_to_freelist: 0.
num_chunks_taken_from_freelist: 143.
num_chunk_merges: 0.
num_chunk_splits: 91.
num_chunks_enlarged: 43.
num_inconsistent_stats: 0.

CodeHeap 'non-profiled nmethods': size=120000Kb used=167Kb max_used=167Kb free=119832Kb
 bounds [0x0000020437ee0000, 0x0000020438150000, 0x000002043f410000]
CodeHeap 'profiled nmethods': size=120000Kb used=1053Kb max_used=1053Kb free=118946Kb
 bounds [0x0000020430410000, 0x0000020430680000, 0x0000020437940000]
CodeHeap 'non-nmethods': size=5760Kb used=1316Kb max_used=1332Kb free=4443Kb
 bounds [0x0000020437940000, 0x0000020437bb0000, 0x0000020437ee0000]
 total_blobs=1190 nmethods=637 adapters=466
 compilation: enabled
              stopped_count=0, restarted_count=0
 full_count=0

Compilation events (20 events):
Event: 0.459 Thread 0x00000204461b1170 nmethod 608 0x0000020437f08110 code [0x0000020437f082a0, 0x0000020437f08378]
Event: 0.460 Thread 0x00000204461b1170  609       1       sun.util.locale.BaseLocale::getLanguage (5 bytes)
Event: 0.460 Thread 0x00000204461b1170 nmethod 609 0x0000020437f08410 code [0x0000020437f085a0, 0x0000020437f08678]
Event: 0.465 Thread 0x00000204461b1170  610       3       sun.util.locale.LocaleUtils::isUpper (18 bytes)
Event: 0.465 Thread 0x00000204461b1170 nmethod 610 0x00000204304ef790 code [0x00000204304ef920, 0x00000204304efa98]
Event: 0.466 Thread 0x00000204461b1170  611   !   3       jdk.internal.logger.LazyLoggers$LazyLoggerAccessor::platform (103 bytes)
Event: 0.466 Thread 0x00000204461b1170 nmethod 611 0x00000204304efb10 code [0x00000204304efd60, 0x00000204304f0ac8]
Event: 0.489 Thread 0x00000204461b1170  613   !   3       sun.awt.image.ImageDecoder::nextConsumer (69 bytes)
Event: 0.489 Thread 0x00000204461b1170 nmethod 613 0x00000204304f0e10 code [0x00000204304f0fe0, 0x00000204304f1458]
Event: 0.489 Thread 0x00000204461b1170  614 % !   3       sun.awt.image.PNGImageDecoder::produceImage @ 960 (1917 bytes)
Event: 0.490 Thread 0x00000204461a3e80 nmethod 601% 0x0000020437f08710 code [0x0000020437f088a0, 0x0000020437f09098]
Event: 0.490 Thread 0x00000204461a3e80  612       4       java.util.HashMap::hash (20 bytes)
Event: 0.490 Thread 0x00000204461a3e80 nmethod 612 0x0000020437f09290 code [0x0000020437f09400, 0x0000020437f094d8]
Event: 0.490 Thread 0x00000204461a3e80  617       4       sun.awt.image.PNGImageDecoder::filterRow (460 bytes)
Event: 0.496 Thread 0x00000204461b1170 nmethod 614% 0x00000204304f1610 code [0x00000204304f1de0, 0x00000204304f8e88]
Event: 0.496 Thread 0x00000204461b1170  615       1       sun.awt.image.ImageWatched$Link::newInfo (2 bytes)
Event: 0.496 Thread 0x00000204461b1170 nmethod 615 0x0000020437f09590 code [0x0000020437f09720, 0x0000020437f097f8]
Event: 0.496 Thread 0x00000204461b1170  616       3       java.nio.Buffer::position (52 bytes)
Event: 0.497 Thread 0x00000204461b1170 nmethod 616 0x00000204304fe010 code [0x00000204304fe1c0, 0x00000204304fe468]
Event: 0.497 Thread 0x00000204461b1170  618   !   3       sun.awt.image.PNGImageDecoder::produceImage (1917 bytes)

GC Heap History (0 events):
No events

Deoptimization events (20 events):
Event: 0.491 Thread 0x000002048ce2aca0 DEOPT PACKING pc=0x00000204304ed75b sp=0x0000001329dff380
Event: 0.491 Thread 0x000002048ce2aca0 DEOPT UNPACKING pc=0x00000204379966e3 sp=0x0000001329dfe830 mode 0
Event: 0.491 Thread 0x000002048ce2aca0 DEOPT PACKING pc=0x00000204304ed75b sp=0x0000001329dff380
Event: 0.491 Thread 0x000002048ce2aca0 DEOPT UNPACKING pc=0x00000204379966e3 sp=0x0000001329dfe830 mode 0
Event: 0.491 Thread 0x000002048ce2aca0 DEOPT PACKING pc=0x00000204304ed75b sp=0x0000001329dff380
Event: 0.491 Thread 0x000002048ce2aca0 DEOPT UNPACKING pc=0x00000204379966e3 sp=0x0000001329dfe830 mode 0
Event: 0.491 Thread 0x000002048ce2aca0 DEOPT PACKING pc=0x00000204304ed75b sp=0x0000001329dff380
Event: 0.491 Thread 0x000002048ce2aca0 DEOPT UNPACKING pc=0x00000204379966e3 sp=0x0000001329dfe830 mode 0
Event: 0.492 Thread 0x000002048ce2aca0 DEOPT PACKING pc=0x00000204304ed75b sp=0x0000001329dff380
Event: 0.492 Thread 0x000002048ce2aca0 DEOPT UNPACKING pc=0x00000204379966e3 sp=0x0000001329dfe830 mode 0
Event: 0.492 Thread 0x000002048ce2aca0 DEOPT PACKING pc=0x00000204304ed75b sp=0x0000001329dff380
Event: 0.492 Thread 0x000002048ce2aca0 DEOPT UNPACKING pc=0x00000204379966e3 sp=0x0000001329dfe830 mode 0
Event: 0.496 Thread 0x000002048ce2aca0 DEOPT PACKING pc=0x00000204304ed75b sp=0x0000001329dff380
Event: 0.497 Thread 0x000002048ce2aca0 DEOPT UNPACKING pc=0x00000204379966e3 sp=0x0000001329dfe830 mode 0
Event: 0.497 Thread 0x000002048ce2aca0 DEOPT PACKING pc=0x00000204304ed75b sp=0x0000001329dff0f0
Event: 0.497 Thread 0x000002048ce2aca0 DEOPT UNPACKING pc=0x00000204379966e3 sp=0x0000001329dfe570 mode 0
Event: 0.497 Thread 0x000002048ce2aca0 DEOPT PACKING pc=0x00000204304ed75b sp=0x0000001329dff0f0
Event: 0.497 Thread 0x000002048ce2aca0 DEOPT UNPACKING pc=0x00000204379966e3 sp=0x0000001329dfe570 mode 0
Event: 0.497 Thread 0x000002048ce2aca0 DEOPT PACKING pc=0x00000204304ed75b sp=0x0000001329dff0f0
Event: 0.497 Thread 0x000002048ce2aca0 DEOPT UNPACKING pc=0x00000204379966e3 sp=0x0000001329dfe570 mode 0

Classes unloaded (0 events):
No events

Classes redefined (0 events):
No events

Internal exceptions (15 events):
Event: 0.232 Thread 0x0000020426a69f40 Exception <a 'java/lang/ClassNotFoundException'{0x000000008d239b18}: sun/awt/resources/spi/awtProvider> (0x000000008d239b18) 
thrown [s\open\src\hotspot\share\classfile\systemDictionary.cpp, line 256]
Event: 0.251 Thread 0x0000020426a69f40 Exception <a 'java/io/FileNotFoundException'{0x000000008d2d4718}> (0x000000008d2d4718) 
thrown [s\open\src\hotspot\share\prims\jni.cpp, line 516]
Event: 0.256 Thread 0x0000020426a69f40 Exception <a 'java/io/FileNotFoundException'{0x000000008d102008}> (0x000000008d102008) 
thrown [s\open\src\hotspot\share\prims\jni.cpp, line 516]
Event: 0.285 Thread 0x0000020426a69f40 Exception <a 'java/lang/NoSuchMethodError'{0x000000008d14cc18}: 'java.lang.Object java.lang.invoke.DirectMethodHandle$Holder.invokeStaticInit(java.lang.Object)'> (0x000000008d14cc18) 
thrown [s\open\src\hotspot\share\interpreter\linkResolver.cpp, line 759]
Event: 0.315 Thread 0x0000020426a69f40 Exception <a 'java/lang/NoSuchMethodError'{0x000000008d1d9418}: 'void java.lang.invoke.DirectMethodHandle$Holder.invokeSpecial(java.lang.Object, java.lang.Object, java.lang.Object)'> (0x000000008d1d9418) 
thrown [s\open\src\hotspot\share\interpreter\linkResolver.cpp, line 759]
Event: 0.324 Thread 0x0000020426a69f40 Exception <a 'java/lang/NoSuchMethodError'{0x000000008d003cd8}: 'java.lang.Object java.lang.invoke.DirectMethodHandle$Holder.newInvokeSpecial(java.lang.Object, java.lang.Object, java.lang.Object, java.lang.Object, java.lang.Object)'> (0x000000008d003cd8) 
thrown [s\open\src\hotspot\share\interpreter\linkResolver.cpp, line 759]
Event: 0.326 Thread 0x0000020426a69f40 Exception <a 'java/lang/NoSuchMethodError'{0x000000008d00f790}: 'java.lang.Object java.lang.invoke.DirectMethodHandle$Holder.invokeStatic(java.lang.Object, int, java.lang.Object, java.lang.Object, java.lang.Object, java.lang.Object)'> (0x000000008d00f790) 
thrown [s\open\src\hotspot\share\interpreter\linkResolver.cpp, line 759]
Event: 0.332 Thread 0x0000020426a69f40 Exception <a 'java/lang/NoSuchMethodError'{0x000000008d034f50}: 'java.lang.Object java.lang.invoke.DirectMethodHandle$Holder.invokeStatic(java.lang.Object, int, java.lang.Object)'> (0x000000008d034f50) 
thrown [s\open\src\hotspot\share\interpreter\linkResolver.cpp, line 759]
Event: 0.353 Thread 0x0000020426a69f40 Exception <a 'java/lang/ClassNotFoundException'{0x000000008d0ecf30}: com/sun/swing/internal/plaf/metal/resources/spi/metalProvider> (0x000000008d0ecf30) 
thrown [s\open\src\hotspot\share\classfile\systemDictionary.cpp, line 256]
Event: 0.353 Thread 0x0000020426a69f40 Exception <a 'java/lang/ClassNotFoundException'{0x000000008d0f0e08}: com/sun/swing/internal/plaf/basic/resources/spi/basicProvider> (0x000000008d0f0e08) 
thrown [s\open\src\hotspot\share\classfile\systemDictionary.cpp, line 256]
Event: 0.382 Thread 0x0000020426a69f40 Exception <a 'java/lang/NoSuchMethodError'{0x000000008cf3a550}: 'void java.lang.invoke.DirectMethodHandle$Holder.invokeStaticInit(java.lang.Object)'> (0x000000008cf3a550) 
thrown [s\open\src\hotspot\share\interpreter\linkResolver.cpp, line 759]
Event: 0.417 Thread 0x000002044668a9b0 Exception <a 'java/lang/NoSuchMethodError'{0x000000008d196af0}: 'void java.lang.invoke.DirectMethodHandle$Holder.invokeVirtual(java.lang.Object, java.lang.Object)'> (0x000000008d196af0) 
thrown [s\open\src\hotspot\share\interpreter\linkResolver.cpp, line 759]
Event: 0.442 Thread 0x000002048ce26ca0 Exception <a 'java/lang/NoSuchMethodError'{0x000000008ce0c260}: 'java.lang.Object java.lang.invoke.DirectMethodHandle$Holder.newInvokeSpecial(java.lang.Object, java.lang.Object, java.lang.Object, int, int, int, int, int)'> (0x000000008ce0c260) 
thrown [s\open\src\hotspot\share\interpreter\linkResolver.cpp, line 759]
Event: 0.449 Thread 0x000002048ce2bbd0 Exception <a 'java/lang/OutOfMemoryError'{0x000000008ce8b278}> (0x000000008ce8b278) 
thrown [s\open\src\hotspot\share\prims\jni.cpp, line 535]
Event: 0.489 Thread 0x000002048ce26ca0 Exception <a 'sun/awt/image/ImageFormatException'{0x000000008ce17cb0}: Insufficient memory (case 4)> (0x000000008ce17cb0) 
thrown [s\open\src\hotspot\share\prims\jni.cpp, line 535]

VM Operations (10 events):
Event: 0.053 Executing VM operation: ChangeBreakpoints
Event: 0.053 Executing VM operation: ChangeBreakpoints done
Event: 0.353 Executing VM operation: HandshakeAllThreads
Event: 0.353 Executing VM operation: HandshakeAllThreads done
Event: 0.362 Executing VM operation: HandshakeAllThreads
Event: 0.362 Executing VM operation: HandshakeAllThreads done
Event: 0.395 Executing VM operation: HandshakeAllThreads
Event: 0.395 Executing VM operation: HandshakeAllThreads done
Event: 0.420 Executing VM operation: HandshakeAllThreads
Event: 0.421 Executing VM operation: HandshakeAllThreads done

Events (20 events):
Event: 0.459 loading class sun/awt/im/InputMethodAdapter done
Event: 0.459 loading class sun/awt/windows/WInputMethod done
Event: 0.472 loading class sun/awt/im/CompositionAreaHandler
Event: 0.472 loading class sun/awt/im/CompositionAreaHandler done
Event: 0.472 loading class java/text/AttributedString
Event: 0.472 loading class java/text/AttributedString done
Event: 0.472 loading class java/text/AttributedString$AttributedStringIterator
Event: 0.472 loading class java/text/AttributedCharacterIterator
Event: 0.472 loading class java/text/CharacterIterator
Event: 0.473 loading class java/text/CharacterIterator done
Event: 0.473 loading class java/text/AttributedCharacterIterator done
Event: 0.473 loading class java/text/AttributedString$AttributedStringIterator done
Event: 0.473 loading class java/awt/event/ContainerEvent
Event: 0.473 loading class java/awt/event/ContainerEvent done
Event: 0.475 loading class java/awt/TextComponent
Event: 0.475 loading class java/awt/TextComponent done
Event: 0.475 loading class javax/swing/text/JTextComponent
Event: 0.476 loading class javax/swing/Scrollable
Event: 0.476 loading class javax/swing/Scrollable done
Event: 0.476 loading class javax/swing/text/JTextComponent done


Dynamic libraries:
0x00007ff791600000 - 0x00007ff791610000 	C:\Program Files\Java\jdk-17\bin\java.exe
0x00007ff871870000 - 0x00007ff871a87000 	C:\WINDOWS\SYSTEM32\ntdll.dll
0x00007ff870390000 - 0x00007ff870454000 	C:\WINDOWS\System32\KERNEL32.DLL
0x00007ff86f1e0000 - 0x00007ff86f597000 	C:\WINDOWS\System32\KERNELBASE.dll
0x00007ff86edd0000 - 0x00007ff86eee1000 	C:\WINDOWS\System32\ucrtbase.dll
0x00007ff842e80000 - 0x00007ff842e9b000 	C:\Program Files\Java\jdk-17\bin\VCRUNTIME140.dll
0x00007ff862bd0000 - 0x00007ff862be9000 	C:\Program Files\Java\jdk-17\bin\jli.dll
0x00007ff86f5a0000 - 0x00007ff86f652000 	C:\WINDOWS\System32\ADVAPI32.dll
0x00007ff870460000 - 0x00007ff870507000 	C:\WINDOWS\System32\msvcrt.dll
0x00007ff86f8e0000 - 0x00007ff86f988000 	C:\WINDOWS\System32\sechost.dll
0x00007ff86eda0000 - 0x00007ff86edc8000 	C:\WINDOWS\System32\bcrypt.dll
0x00007ff86fbd0000 - 0x00007ff86fce4000 	C:\WINDOWS\System32\RPCRT4.dll
0x00007ff870cf0000 - 0x00007ff870e9f000 	C:\WINDOWS\System32\USER32.dll
0x00007ff86ec00000 - 0x00007ff86ec26000 	C:\WINDOWS\System32\win32u.dll
0x00007ff8519f0000 - 0x00007ff851c83000 	C:\WINDOWS\WinSxS\amd64_microsoft.windows.common-controls_6595b64144ccf1df_6.0.22621.3672_none_2713b9d173822955\COMCTL32.dll
0x00007ff870360000 - 0x00007ff870389000 	C:\WINDOWS\System32\GDI32.dll
0x00007ff86f0c0000 - 0x00007ff86f1d8000 	C:\WINDOWS\System32\gdi32full.dll
0x00007ff86f020000 - 0x00007ff86f0ba000 	C:\WINDOWS\System32\msvcp_win.dll
0x00007ff8624e0000 - 0x00007ff8624ea000 	C:\WINDOWS\SYSTEM32\VERSION.dll
0x00007ff8717f0000 - 0x00007ff871821000 	C:\WINDOWS\System32\IMM32.DLL
0x00007ff84d580000 - 0x00007ff84d58c000 	C:\Program Files\Java\jdk-17\bin\vcruntime140_1.dll
0x00007ff82cfa0000 - 0x00007ff82d02e000 	C:\Program Files\Java\jdk-17\bin\msvcp140.dll
0x00007ff8179f0000 - 0x00007ff8185d1000 	C:\Program Files\Java\jdk-17\bin\server\jvm.dll
0x00007ff86f720000 - 0x00007ff86f728000 	C:\WINDOWS\System32\PSAPI.DLL
0x00007ff865e00000 - 0x00007ff865e09000 	C:\WINDOWS\SYSTEM32\WSOCK32.dll
0x00007ff862b60000 - 0x00007ff862b94000 	C:\WINDOWS\SYSTEM32\WINMM.dll
0x00007ff86f990000 - 0x00007ff86fa01000 	C:\WINDOWS\System32\WS2_32.dll
0x00007ff86dba0000 - 0x00007ff86dbb8000 	C:\WINDOWS\SYSTEM32\kernel.appcore.dll
0x00007ff84c0b0000 - 0x00007ff84c0ba000 	C:\Program Files\Java\jdk-17\bin\jimage.dll
0x00007ff86c5f0000 - 0x00007ff86c822000 	C:\WINDOWS\SYSTEM32\DBGHELP.DLL
0x00007ff870530000 - 0x00007ff8708be000 	C:\WINDOWS\System32\combase.dll
0x00007ff870270000 - 0x00007ff870347000 	C:\WINDOWS\System32\OLEAUT32.dll
0x00007ff84b4c0000 - 0x00007ff84b4f2000 	C:\WINDOWS\SYSTEM32\dbgcore.DLL
0x00007ff86eb80000 - 0x00007ff86ebfb000 	C:\WINDOWS\System32\bcryptPrimitives.dll
0x00007ff842ec0000 - 0x00007ff842efb000 	C:\Program Files\Java\jdk-17\bin\jdwp.dll
0x00007ff8229d0000 - 0x00007ff8229f5000 	C:\Program Files\Java\jdk-17\bin\java.dll
0x00007ff8177f0000 - 0x00007ff8178c7000 	C:\Program Files\Java\jdk-17\bin\jsvml.dll
0x00007ff870ea0000 - 0x00007ff871709000 	C:\WINDOWS\System32\SHELL32.dll
0x00007ff86caa0000 - 0x00007ff86d39f000 	C:\WINDOWS\SYSTEM32\windows.storage.dll
0x00007ff86c960000 - 0x00007ff86ca9f000 	C:\WINDOWS\SYSTEM32\wintypes.dll
0x00007ff870170000 - 0x00007ff870269000 	C:\WINDOWS\System32\SHCORE.dll
0x00007ff86f660000 - 0x00007ff86f6be000 	C:\WINDOWS\System32\shlwapi.dll
0x00007ff86eab0000 - 0x00007ff86ead7000 	C:\WINDOWS\SYSTEM32\profapi.dll
0x00007ff862d70000 - 0x00007ff862d7c000 	C:\Program Files\Java\jdk-17\bin\dt_socket.dll
0x00007ff86d640000 - 0x00007ff86d66d000 	C:\WINDOWS\SYSTEM32\IPHLPAPI.DLL
0x00007ff86e000000 - 0x00007ff86e069000 	C:\WINDOWS\system32\mswsock.dll
0x00007ff86d670000 - 0x00007ff86d772000 	C:\WINDOWS\SYSTEM32\DNSAPI.dll
0x00007ff870940000 - 0x00007ff870949000 	C:\WINDOWS\System32\NSI.dll
0x00007ff8601c0000 - 0x00007ff8601ca000 	C:\Windows\System32\rasadhlp.dll
0x00007ff862260000 - 0x00007ff8622e3000 	C:\WINDOWS\System32\fwpuclnt.dll
0x00007ff8168a0000 - 0x00007ff816a31000 	C:\Program Files\Java\jdk-17\bin\awt.dll
0x00007ff867d10000 - 0x00007ff867da7000 	C:\WINDOWS\SYSTEM32\apphelp.dll
0x00007ff86bcc0000 - 0x00007ff86bceb000 	C:\WINDOWS\system32\DWMAPI.DLL
0x00007ff86ba40000 - 0x00007ff86baf1000 	C:\WINDOWS\system32\uxtheme.dll
0x00007ff83e110000 - 0x00007ff83e210000 	C:\WINDOWS\system32\opengl32.dll
0x00007ff83e0e0000 - 0x00007ff83e10d000 	C:\WINDOWS\SYSTEM32\GLU32.dll
0x00007ff86bb60000 - 0x00007ff86bb97000 	C:\WINDOWS\SYSTEM32\dxcore.dll
0x00007ff86fa70000 - 0x00007ff86fbd0000 	C:\WINDOWS\System32\MSCTF.dll
0x00007ff86f730000 - 0x00007ff86f8d5000 	C:\WINDOWS\System32\ole32.dll
0x00007ff82d090000 - 0x00007ff82d117000 	C:\Program Files\Java\jdk-17\bin\freetype.dll
0x00007ff829eb0000 - 0x00007ff829f83000 	C:\Program Files\Java\jdk-17\bin\fontmanager.dll
0x00007ff852400000 - 0x00007ff852543000 	C:\WINDOWS\SYSTEM32\textinputframework.dll
0x00007ff842d70000 - 0x00007ff842d9e000 	C:\Program Files\Java\jdk-17\bin\javajpeg.dll
0x00007ff8427a0000 - 0x00007ff8427b9000 	C:\Program Files\Java\jdk-17\bin\net.dll
0x00007ff865e30000 - 0x00007ff865f66000 	C:\WINDOWS\SYSTEM32\WINHTTP.dll
0x00007ff8426e0000 - 0x00007ff8426f6000 	C:\Program Files\Java\jdk-17\bin\nio.dll
0x00007ff83b1b0000 - 0x00007ff83b1c8000 	C:\Program Files\Java\jdk-17\bin\zip.dll
0x00007ff8679e0000 - 0x00007ff867b13000 	C:\WINDOWS\SYSTEM32\CoreMessaging.dll
0x00007ff864df0000 - 0x00007ff86515d000 	C:\WINDOWS\SYSTEM32\CoreUIComponents.dll
0x00007ff86e250000 - 0x00007ff86e25c000 	C:\WINDOWS\SYSTEM32\CRYPTBASE.DLL

dbghelp: loaded successfully - version: 4.0.5 - missing functions: none
symbol engine: initialized successfully - sym options: 0x614 - pdb path: .;C:\Program Files\Java\jdk-17\bin;C:\WINDOWS\SYSTEM32;C:\WINDOWS\WinSxS\amd64_microsoft.windows.common-controls_6595b64144ccf1df_6.0.22621.3672_none_2713b9d173822955;C:\Program Files\Java\jdk-17\bin\server

VM Arguments:
jvm_args: -agentlib:jdwp=transport=dt_socket,server=n,suspend=y,address=localhost:61173 -XX:+ShowCodeDetailsInExceptionMessages 
java_command: PanificioGioco
java_class_path (initial): C:\Users\nikka\AppData\Roaming\Code\User\workspaceStorage\189722be83d9c9b049f89142ae66798d\redhat.java\jdt_ws\Panificio_7fe1fc69\bin
Launcher Type: SUN_STANDARD

[Global flags]
     intx CICompilerCount                          = 3                                         {product} {ergonomic}
     uint ConcGCThreads                            = 1                                         {product} {ergonomic}
     uint G1ConcRefinementThreads                  = 4                                         {product} {ergonomic}
   size_t G1HeapRegionSize                         = 1048576                                   {product} {ergonomic}
    uintx GCDrainStackTargetSize                   = 64                                        {product} {ergonomic}
   size_t InitialHeapSize                          = 130023424                                 {product} {ergonomic}
   size_t MarkStackSize                            = 4194304                                   {product} {ergonomic}
   size_t MaxHeapSize                              = 2055208960                                {product} {ergonomic}
   size_t MaxNewSize                               = 1233125376                                {product} {ergonomic}
   size_t MinHeapDeltaBytes                        = 1048576                                   {product} {ergonomic}
   size_t MinHeapSize                              = 8388608                                   {product} {ergonomic}
    uintx NonNMethodCodeHeapSize                   = 5832780                                {pd product} {ergonomic}
    uintx NonProfiledCodeHeapSize                  = 122912730                              {pd product} {ergonomic}
    uintx ProfiledCodeHeapSize                     = 122912730                              {pd product} {ergonomic}
    uintx ReservedCodeCacheSize                    = 251658240                              {pd product} {ergonomic}
     bool SegmentedCodeCache                       = true                                      {product} {ergonomic}
     bool ShowCodeDetailsInExceptionMessages       = true                                   {manageable} {command line}
   size_t SoftMaxHeapSize                          = 2055208960                             {manageable} {ergonomic}
     bool UseCompressedClassPointers               = true                           {product lp64_product} {ergonomic}
     bool UseCompressedOops                        = true                           {product lp64_product} {ergonomic}
     bool UseG1GC                                  = true                                      {product} {ergonomic}
     bool UseLargePagesIndividualAllocation        = false                                  {pd product} {ergonomic}

Logging:
Log output configuration:
 #0: stdout all=warning uptime,level,tags
 #1: stderr all=off uptime,level,tags

Environment Variables:
JAVA_HOME=C:\Program Files\Java\jdk-17
PATH=C:\Program Files (x86)\Common Files\Oracle\Java\java8path;C:\Program Files (x86)\Common Files\Oracle\Java\javapath;C:\Program Files (x86)\NVIDIA Corporation\PhysX\Common;C:\WINDOWS\system32;C:\WINDOWS;C:\WINDOWS\System32\Wbem;C:\WINDOWS\System32\WindowsPowerShell\v1.0\;C:\WINDOWS\System32\OpenSSH\;C:\Program Files\Java\jdk-16.0.1\bin;C:\Program Files\Git\cmd;C:\Users\nikka\AppData\Local\platform-tools;C:\Users\nikka\AppData\Local\Microsoft\WindowsApps;C:\Users\nikka\AppData\Local\Programs\Microsoft VS Code\bin;C:\MinGW\bin;C:\Program Files\JetBrains\CLion 2023.2.2\bin;C:\Users\nikka\AppData\Local\GitHubDesktop\bin;C:\Users\nikka\AppData\Local\platform-tools;
USERNAME=Mykyta
OS=Windows_NT
PROCESSOR_IDENTIFIER=Intel64 Family 6 Model 140 Stepping 1, GenuineIntel



---------------  S Y S T E M  ---------------

OS:
 Windows 11 , 64 bit Build 22621 (10.0.22621.3958)
OS uptime: 2 days 17:16 hours
Hyper-V role detected

CPU: total 4 (initial active 4) (2 cores per cpu, 2 threads per core) family 6 model 140 stepping 1 microcode 0xb4, cx8, cmov, fxsr, ht, mmx, 3dnowpref, sse, sse2, sse3, ssse3, sse4.1, sse4.2, popcnt, lzcnt, tsc, tscinvbit, avx, avx2, aes, erms, clmul, bmi1, bmi2, adx, avx512f, avx512dq, avx512cd, avx512bw, avx512vl, sha, fma, vzeroupper, avx512_vpopcntdq, avx512_vpclmulqdq, avx512_vaes, avx512_vnni, clflush, clflushopt, clwb, avx512_vbmi2, avx512_vbmi, hv

Memory: 4k page, system-wide physical 7834M (1051M free)
TotalPageFile size 22248M (AvailPageFile size 1M)
current process WorkingSet (physical memory assigned to process): 63M, peak: 63M
current process commit charge ("private bytes"): 210M, peak: 210M

vm_info: Java HotSpot(TM) 64-Bit Server VM (17.0.9+11-LTS-201) for windows-amd64 JRE (17.0.9+11-LTS-201), built on Oct 10 2023 23:16:06 by "mach5one" with MS VC++ 17.1 (VS2022)

END.
